{"/home/ubuntu/Desktop/Brightscout/mattermost-plugin-msteams-sync/webapp/src/components/appManifestSetting.tsx": {"path":"/home/ubuntu/Desktop/Brightscout/mattermost-plugin-msteams-sync/webapp/src/components/appManifestSetting.tsx","statementMap":{"0":{"start":{"line":12,"column":18},"end":{"line":14,"column":5}},"1":{"start":{"line":13,"column":8},"end":{"line":13,"column":86}},"2":{"start":{"line":17,"column":8},"end":{"line":35,"column":10}},"3":{"start":{"line":39,"column":15},"end":{"line":43,"column":1}}},"fnMap":{"0":{"name":"(anonymous_0)","decl":{"start":{"line":12,"column":18},"end":{"line":12,"column":19}},"loc":{"start":{"line":12,"column":24},"end":{"line":14,"column":5}},"line":12},"1":{"name":"(anonymous_1)","decl":{"start":{"line":16,"column":4},"end":{"line":16,"column":5}},"loc":{"start":{"line":16,"column":13},"end":{"line":36,"column":5}},"line":16}},"branchMap":{},"s":{"0":0,"1":0,"2":0,"3":0},"f":{"0":0,"1":0},"b":{}}
,"/home/ubuntu/Desktop/Brightscout/mattermost-plugin-msteams-sync/webapp/src/components/enforceConnectedAccountModal.tsx": {"path":"/home/ubuntu/Desktop/Brightscout/mattermost-plugin-msteams-sync/webapp/src/components/enforceConnectedAccountModal.tsx","statementMap":{"0":{"start":{"line":11,"column":28},"end":{"line":11,"column":43}},"1":{"start":{"line":12,"column":34},"end":{"line":12,"column":49}},"2":{"start":{"line":13,"column":40},"end":{"line":13,"column":55}},"3":{"start":{"line":14,"column":23},"end":{"line":14,"column":36}},"4":{"start":{"line":15,"column":62},"end":{"line":15,"column":76}},"5":{"start":{"line":17,"column":17},"end":{"line":19,"column":10}},"6":{"start":{"line":18,"column":8},"end":{"line":18,"column":23}},"7":{"start":{"line":21,"column":27},"end":{"line":23,"column":10}},"8":{"start":{"line":22,"column":8},"end":{"line":22,"column":101}},"9":{"start":{"line":25,"column":37},"end":{"line":25,"column":141}},"10":{"start":{"line":25,"column":51},"end":{"line":25,"column":125}},"11":{"start":{"line":26,"column":32},"end":{"line":26,"column":131}},"12":{"start":{"line":26,"column":46},"end":{"line":26,"column":115}},"13":{"start":{"line":28,"column":4},"end":{"line":42,"column":7}},"14":{"start":{"line":31,"column":12},"end":{"line":40,"column":13}},"15":{"start":{"line":32,"column":29},"end":{"line":32,"column":65}},"16":{"start":{"line":33,"column":16},"end":{"line":39,"column":17}},"17":{"start":{"line":34,"column":20},"end":{"line":34,"column":47}},"18":{"start":{"line":35,"column":20},"end":{"line":35,"column":45}},"19":{"start":{"line":36,"column":23},"end":{"line":39,"column":17}},"20":{"start":{"line":37,"column":20},"end":{"line":37,"column":35}},"21":{"start":{"line":38,"column":20},"end":{"line":38,"column":41}},"22":{"start":{"line":44,"column":4},"end":{"line":52,"column":7}},"23":{"start":{"line":47,"column":12},"end":{"line":50,"column":13}},"24":{"start":{"line":48,"column":16},"end":{"line":48,"column":36}},"25":{"start":{"line":49,"column":16},"end":{"line":49,"column":79}},"26":{"start":{"line":54,"column":27},"end":{"line":56,"column":10}},"27":{"start":{"line":55,"column":8},"end":{"line":55,"column":106}},"28":{"start":{"line":58,"column":4},"end":{"line":70,"column":21}},"29":{"start":{"line":59,"column":28},"end":{"line":59,"column":29}},"30":{"start":{"line":60,"column":8},"end":{"line":63,"column":9}},"31":{"start":{"line":61,"column":12},"end":{"line":61,"column":38}},"32":{"start":{"line":62,"column":12},"end":{"line":62,"column":57}},"33":{"start":{"line":64,"column":8},"end":{"line":69,"column":10}},"34":{"start":{"line":65,"column":12},"end":{"line":68,"column":13}},"35":{"start":{"line":66,"column":16},"end":{"line":66,"column":43}},"36":{"start":{"line":67,"column":16},"end":{"line":67,"column":40}},"37":{"start":{"line":72,"column":4},"end":{"line":74,"column":5}},"38":{"start":{"line":73,"column":8},"end":{"line":73,"column":20}},"39":{"start":{"line":76,"column":4},"end":{"line":99,"column":6}}},"fnMap":{"0":{"name":"EnforceConnectedAccountModal","decl":{"start":{"line":10,"column":24},"end":{"line":10,"column":52}},"loc":{"start":{"line":10,"column":55},"end":{"line":100,"column":1}},"line":10},"1":{"name":"(anonymous_1)","decl":{"start":{"line":17,"column":29},"end":{"line":17,"column":30}},"loc":{"start":{"line":17,"column":35},"end":{"line":19,"column":5}},"line":17},"2":{"name":"(anonymous_2)","decl":{"start":{"line":21,"column":39},"end":{"line":21,"column":40}},"loc":{"start":{"line":21,"column":45},"end":{"line":23,"column":5}},"line":21},"3":{"name":"(anonymous_3)","decl":{"start":{"line":25,"column":45},"end":{"line":25,"column":46}},"loc":{"start":{"line":25,"column":51},"end":{"line":25,"column":125}},"line":25},"4":{"name":"(anonymous_4)","decl":{"start":{"line":26,"column":40},"end":{"line":26,"column":41}},"loc":{"start":{"line":26,"column":46},"end":{"line":26,"column":115}},"line":26},"5":{"name":"(anonymous_5)","decl":{"start":{"line":30,"column":23},"end":{"line":30,"column":24}},"loc":{"start":{"line":30,"column":29},"end":{"line":41,"column":9}},"line":30},"6":{"name":"(anonymous_6)","decl":{"start":{"line":46,"column":23},"end":{"line":46,"column":24}},"loc":{"start":{"line":46,"column":29},"end":{"line":51,"column":9}},"line":46},"7":{"name":"(anonymous_7)","decl":{"start":{"line":54,"column":39},"end":{"line":54,"column":40}},"loc":{"start":{"line":54,"column":45},"end":{"line":56,"column":5}},"line":54},"8":{"name":"(anonymous_8)","decl":{"start":{"line":58,"column":14},"end":{"line":58,"column":15}},"loc":{"start":{"line":58,"column":20},"end":{"line":70,"column":5}},"line":58},"9":{"name":"(anonymous_9)","decl":{"start":{"line":64,"column":15},"end":{"line":64,"column":16}},"loc":{"start":{"line":64,"column":21},"end":{"line":69,"column":9}},"line":64}},"branchMap":{"0":{"loc":{"start":{"line":31,"column":12},"end":{"line":40,"column":13}},"type":"if","locations":[{"start":{"line":31,"column":12},"end":{"line":40,"column":13}},{"start":{},"end":{}}],"line":31},"1":{"loc":{"start":{"line":33,"column":16},"end":{"line":39,"column":17}},"type":"if","locations":[{"start":{"line":33,"column":16},"end":{"line":39,"column":17}},{"start":{"line":36,"column":23},"end":{"line":39,"column":17}}],"line":33},"2":{"loc":{"start":{"line":36,"column":23},"end":{"line":39,"column":17}},"type":"if","locations":[{"start":{"line":36,"column":23},"end":{"line":39,"column":17}},{"start":{},"end":{}}],"line":36},"3":{"loc":{"start":{"line":47,"column":12},"end":{"line":50,"column":13}},"type":"if","locations":[{"start":{"line":47,"column":12},"end":{"line":50,"column":13}},{"start":{},"end":{}}],"line":47},"4":{"loc":{"start":{"line":60,"column":8},"end":{"line":63,"column":9}},"type":"if","locations":[{"start":{"line":60,"column":8},"end":{"line":63,"column":9}},{"start":{},"end":{}}],"line":60},"5":{"loc":{"start":{"line":65,"column":12},"end":{"line":68,"column":13}},"type":"if","locations":[{"start":{"line":65,"column":12},"end":{"line":68,"column":13}},{"start":{},"end":{}}],"line":65},"6":{"loc":{"start":{"line":72,"column":4},"end":{"line":74,"column":5}},"type":"if","locations":[{"start":{"line":72,"column":4},"end":{"line":74,"column":5}},{"start":{},"end":{}}],"line":72},"7":{"loc":{"start":{"line":80,"column":13},"end":{"line":80,"column":133}},"type":"binary-expr","locations":[{"start":{"line":80,"column":13},"end":{"line":80,"column":24}},{"start":{"line":80,"column":28},"end":{"line":80,"column":133}}],"line":80},"8":{"loc":{"start":{"line":81,"column":13},"end":{"line":88,"column":13}},"type":"binary-expr","locations":[{"start":{"line":81,"column":13},"end":{"line":81,"column":24}},{"start":{"line":82,"column":16},"end":{"line":87,"column":25}}],"line":81},"9":{"loc":{"start":{"line":89,"column":13},"end":{"line":89,"column":119}},"type":"binary-expr","locations":[{"start":{"line":89,"column":13},"end":{"line":89,"column":23}},{"start":{"line":89,"column":27},"end":{"line":89,"column":119}}],"line":89},"10":{"loc":{"start":{"line":90,"column":13},"end":{"line":97,"column":13}},"type":"binary-expr","locations":[{"start":{"line":90,"column":13},"end":{"line":90,"column":20}},{"start":{"line":90,"column":24},"end":{"line":90,"column":35}},{"start":{"line":91,"column":16},"end":{"line":96,"column":20}}],"line":90}},"s":{"0":0,"1":0,"2":0,"3":0,"4":0,"5":0,"6":0,"7":0,"8":0,"9":0,"10":0,"11":0,"12":0,"13":0,"14":0,"15":0,"16":0,"17":0,"18":0,"19":0,"20":0,"21":0,"22":0,"23":0,"24":0,"25":0,"26":0,"27":0,"28":0,"29":0,"30":0,"31":0,"32":0,"33":0,"34":0,"35":0,"36":0,"37":0,"38":0,"39":0},"f":{"0":0,"1":0,"2":0,"3":0,"4":0,"5":0,"6":0,"7":0,"8":0,"9":0},"b":{"0":[0,0],"1":[0,0],"2":[0,0],"3":[0,0],"4":[0,0],"5":[0,0],"6":[0,0],"7":[0,0],"8":[0,0],"9":[0,0],"10":[0,0,0]}}
,"/home/ubuntu/Desktop/Brightscout/mattermost-plugin-msteams-sync/webapp/src/components/getConnectedUsersSetting.tsx": {"path":"/home/ubuntu/Desktop/Brightscout/mattermost-plugin-msteams-sync/webapp/src/components/getConnectedUsersSetting.tsx","statementMap":{"0":{"start":{"line":8,"column":33},"end":{"line":27,"column":1}},"1":{"start":{"line":9,"column":4},"end":{"line":26,"column":6}},"2":{"start":{"line":29,"column":15},"end":{"line":36,"column":1}}},"fnMap":{"0":{"name":"(anonymous_0)","decl":{"start":{"line":8,"column":33},"end":{"line":8,"column":34}},"loc":{"start":{"line":8,"column":53},"end":{"line":27,"column":1}},"line":8}},"branchMap":{},"s":{"0":0,"1":0,"2":0},"f":{"0":0},"b":{}}
,"/home/ubuntu/Desktop/Brightscout/mattermost-plugin-msteams-sync/webapp/src/components/Dialog/Dialog.component.tsx": {"path":"/home/ubuntu/Desktop/Brightscout/mattermost-plugin-msteams-sync/webapp/src/components/Dialog/Dialog.component.tsx","statementMap":{"0":{"start":{"line":5,"column":22},"end":{"line":16,"column":1}},"1":{"start":{"line":10,"column":4},"end":{"line":15,"column":15}}},"fnMap":{"0":{"name":"(anonymous_0)","decl":{"start":{"line":5,"column":22},"end":{"line":5,"column":23}},"loc":{"start":{"line":10,"column":4},"end":{"line":15,"column":15}},"line":10}},"branchMap":{"0":{"loc":{"start":{"line":7,"column":4},"end":{"line":7,"column":21}},"type":"default-arg","locations":[{"start":{"line":7,"column":16},"end":{"line":7,"column":21}}],"line":7},"1":{"loc":{"start":{"line":13,"column":9},"end":{"line":13,"column":81}},"type":"binary-expr","locations":[{"start":{"line":13,"column":9},"end":{"line":13,"column":18}},{"start":{"line":13,"column":22},"end":{"line":13,"column":81}}],"line":13}},"s":{"0":2,"1":6},"f":{"0":6},"b":{"0":[2],"1":[6,0]},"_coverageSchema":"1a1c01bbd47fc00a2c39e90264f33305004495a9","hash":"d284364a5c7e84c136bb0fa1f93b254260f7107b"}
,"/home/ubuntu/Desktop/Brightscout/mattermost-plugin-msteams-sync/webapp/src/components/Icon/Icon.component.tsx": {"path":"/home/ubuntu/Desktop/Brightscout/mattermost-plugin-msteams-sync/webapp/src/components/Icon/Icon.component.tsx","statementMap":{"0":{"start":{"line":6,"column":20},"end":{"line":19,"column":1}},"1":{"start":{"line":7,"column":4},"end":{"line":18,"column":11}}},"fnMap":{"0":{"name":"(anonymous_0)","decl":{"start":{"line":6,"column":20},"end":{"line":6,"column":21}},"loc":{"start":{"line":7,"column":4},"end":{"line":18,"column":11}},"line":7}},"branchMap":{},"s":{"0":4,"1":18},"f":{"0":18},"b":{},"_coverageSchema":"1a1c01bbd47fc00a2c39e90264f33305004495a9","hash":"07a598c0d3697deb0f07a73f7864203b062f925a"}
,"/home/ubuntu/Desktop/Brightscout/mattermost-plugin-msteams-sync/webapp/src/components/Icon/Icon.map.tsx": {"path":"/home/ubuntu/Desktop/Brightscout/mattermost-plugin-msteams-sync/webapp/src/components/Icon/Icon.map.tsx","statementMap":{"0":{"start":{"line":5,"column":55},"end":{"line":480,"column":1}}},"fnMap":{},"branchMap":{},"s":{"0":4},"f":{},"b":{},"_coverageSchema":"1a1c01bbd47fc00a2c39e90264f33305004495a9","hash":"3752fd3c764d538d966b869044b38cbf26e47e0d"}
,"/home/ubuntu/Desktop/Brightscout/mattermost-plugin-msteams-sync/webapp/src/components/LinkChannelModal/LinkChannelModal.component.tsx": {"path":"/home/ubuntu/Desktop/Brightscout/mattermost-plugin-msteams-sync/webapp/src/components/LinkChannelModal/LinkChannelModal.component.tsx","statementMap":{"0":{"start":{"line":23,"column":32},"end":{"line":130,"column":1}},"1":{"start":{"line":24,"column":21},"end":{"line":24,"column":34}},"2":{"start":{"line":25,"column":22},"end":{"line":25,"column":32}},"3":{"start":{"line":26,"column":56},"end":{"line":26,"column":70}},"4":{"start":{"line":27,"column":38},"end":{"line":27,"column":62}},"5":{"start":{"line":28,"column":28},"end":{"line":28,"column":49}},"6":{"start":{"line":31,"column":50},"end":{"line":31,"column":65}},"7":{"start":{"line":33,"column":38},"end":{"line":33,"column":76}},"8":{"start":{"line":34,"column":32},"end":{"line":34,"column":70}},"9":{"start":{"line":35,"column":38},"end":{"line":35,"column":76}},"10":{"start":{"line":36,"column":58},"end":{"line":36,"column":100}},"11":{"start":{"line":38,"column":29},"end":{"line":46,"column":5}},"12":{"start":{"line":39,"column":8},"end":{"line":43,"column":9}},"13":{"start":{"line":40,"column":12},"end":{"line":40,"column":31}},"14":{"start":{"line":41,"column":12},"end":{"line":41,"column":28}},"15":{"start":{"line":42,"column":12},"end":{"line":42,"column":31}},"16":{"start":{"line":44,"column":8},"end":{"line":44,"column":31}},"17":{"start":{"line":45,"column":8},"end":{"line":45,"column":34}},"18":{"start":{"line":48,"column":33},"end":{"line":58,"column":5}},"19":{"start":{"line":49,"column":45},"end":{"line":54,"column":9}},"20":{"start":{"line":55,"column":8},"end":{"line":55,"column":40}},"21":{"start":{"line":56,"column":8},"end":{"line":56,"column":105}},"22":{"start":{"line":57,"column":8},"end":{"line":57,"column":44}},"23":{"start":{"line":60,"column":4},"end":{"line":77,"column":7}},"24":{"start":{"line":64,"column":12},"end":{"line":64,"column":49}},"25":{"start":{"line":65,"column":12},"end":{"line":65,"column":31}},"26":{"start":{"line":66,"column":12},"end":{"line":66,"column":32}},"27":{"start":{"line":67,"column":12},"end":{"line":70,"column":15}},"28":{"start":{"line":73,"column":12},"end":{"line":73,"column":49}},"29":{"start":{"line":74,"column":12},"end":{"line":74,"column":35}},"30":{"start":{"line":75,"column":12},"end":{"line":75,"column":37}},"31":{"start":{"line":79,"column":4},"end":{"line":129,"column":6}},"32":{"start":{"line":113,"column":20},"end":{"line":117,"column":24}},"33":{"start":{"line":118,"column":20},"end":{"line":118,"column":46}},"34":{"start":{"line":119,"column":20},"end":{"line":119,"column":46}},"35":{"start":{"line":122,"column":20},"end":{"line":122,"column":46}},"36":{"start":{"line":123,"column":20},"end":{"line":123,"column":43}}},"fnMap":{"0":{"name":"(anonymous_0)","decl":{"start":{"line":23,"column":32},"end":{"line":23,"column":33}},"loc":{"start":{"line":23,"column":38},"end":{"line":130,"column":1}},"line":23},"1":{"name":"(anonymous_1)","decl":{"start":{"line":38,"column":29},"end":{"line":38,"column":30}},"loc":{"start":{"line":38,"column":53},"end":{"line":46,"column":5}},"line":38},"2":{"name":"(anonymous_2)","decl":{"start":{"line":48,"column":33},"end":{"line":48,"column":34}},"loc":{"start":{"line":48,"column":39},"end":{"line":58,"column":5}},"line":48},"3":{"name":"(anonymous_3)","decl":{"start":{"line":63,"column":23},"end":{"line":63,"column":24}},"loc":{"start":{"line":63,"column":29},"end":{"line":71,"column":9}},"line":63},"4":{"name":"(anonymous_4)","decl":{"start":{"line":72,"column":21},"end":{"line":72,"column":22}},"loc":{"start":{"line":72,"column":27},"end":{"line":76,"column":9}},"line":72},"5":{"name":"(anonymous_5)","decl":{"start":{"line":112,"column":33},"end":{"line":112,"column":34}},"loc":{"start":{"line":112,"column":39},"end":{"line":120,"column":17}},"line":112},"6":{"name":"(anonymous_6)","decl":{"start":{"line":121,"column":32},"end":{"line":121,"column":33}},"loc":{"start":{"line":121,"column":38},"end":{"line":124,"column":17}},"line":121}},"branchMap":{"0":{"loc":{"start":{"line":27,"column":11},"end":{"line":27,"column":23}},"type":"default-arg","locations":[{"start":{"line":27,"column":18},"end":{"line":27,"column":23}}],"line":27},"1":{"loc":{"start":{"line":39,"column":8},"end":{"line":43,"column":9}},"type":"if","locations":[{"start":{"line":39,"column":8},"end":{"line":43,"column":9}},{"start":{},"end":{}}],"line":39},"2":{"loc":{"start":{"line":50,"column":30},"end":{"line":50,"column":49}},"type":"binary-expr","locations":[{"start":{"line":50,"column":30},"end":{"line":50,"column":43}},{"start":{"line":50,"column":47},"end":{"line":50,"column":49}}],"line":50},"3":{"loc":{"start":{"line":51,"column":33},"end":{"line":51,"column":52}},"type":"binary-expr","locations":[{"start":{"line":51,"column":33},"end":{"line":51,"column":46}},{"start":{"line":51,"column":50},"end":{"line":51,"column":52}}],"line":51},"4":{"loc":{"start":{"line":52,"column":27},"end":{"line":52,"column":43}},"type":"binary-expr","locations":[{"start":{"line":52,"column":27},"end":{"line":52,"column":37}},{"start":{"line":52,"column":41},"end":{"line":52,"column":43}}],"line":52},"5":{"loc":{"start":{"line":53,"column":30},"end":{"line":53,"column":49}},"type":"binary-expr","locations":[{"start":{"line":53,"column":30},"end":{"line":53,"column":43}},{"start":{"line":53,"column":47},"end":{"line":53,"column":49}}],"line":53},"6":{"loc":{"start":{"line":90,"column":41},"end":{"line":90,"column":76}},"type":"binary-expr","locations":[{"start":{"line":90,"column":41},"end":{"line":90,"column":51}},{"start":{"line":90,"column":55},"end":{"line":90,"column":65}},{"start":{"line":90,"column":69},"end":{"line":90,"column":76}}],"line":90},"7":{"loc":{"start":{"line":94,"column":17},"end":{"line":94,"column":87}},"type":"binary-expr","locations":[{"start":{"line":94,"column":17},"end":{"line":94,"column":26}},{"start":{"line":94,"column":30},"end":{"line":94,"column":87}}],"line":94},"8":{"loc":{"start":{"line":114,"column":35},"end":{"line":114,"column":63}},"type":"binary-expr","locations":[{"start":{"line":114,"column":35},"end":{"line":114,"column":57}},{"start":{"line":114,"column":61},"end":{"line":114,"column":63}}],"line":114},"9":{"loc":{"start":{"line":115,"column":35},"end":{"line":115,"column":63}},"type":"binary-expr","locations":[{"start":{"line":115,"column":35},"end":{"line":115,"column":57}},{"start":{"line":115,"column":61},"end":{"line":115,"column":63}}],"line":115},"10":{"loc":{"start":{"line":116,"column":32},"end":{"line":116,"column":57}},"type":"binary-expr","locations":[{"start":{"line":116,"column":32},"end":{"line":116,"column":51}},{"start":{"line":116,"column":55},"end":{"line":116,"column":57}}],"line":116}},"s":{"0":1,"1":0,"2":0,"3":0,"4":0,"5":0,"6":0,"7":0,"8":0,"9":0,"10":0,"11":0,"12":0,"13":0,"14":0,"15":0,"16":0,"17":0,"18":0,"19":0,"20":0,"21":0,"22":0,"23":0,"24":0,"25":0,"26":0,"27":0,"28":0,"29":0,"30":0,"31":0,"32":0,"33":0,"34":0,"35":0,"36":0},"f":{"0":0,"1":0,"2":0,"3":0,"4":0,"5":0,"6":0},"b":{"0":[0],"1":[0,0],"2":[0,0],"3":[0,0],"4":[0,0],"5":[0,0],"6":[0,0,0],"7":[0,0],"8":[0,0],"9":[0,0],"10":[0,0]},"_coverageSchema":"1a1c01bbd47fc00a2c39e90264f33305004495a9","hash":"3abd77501397c58e380fd3ee22716de114457198"}
,"/home/ubuntu/Desktop/Brightscout/mattermost-plugin-msteams-sync/webapp/src/components/LinkChannelModal/SearchMMChannels/SearchMMChannels.component.tsx": {"path":"/home/ubuntu/Desktop/Brightscout/mattermost-plugin-msteams-sync/webapp/src/components/LinkChannelModal/SearchMMChannels/SearchMMChannels.component.tsx","statementMap":{"0":{"start":{"line":24,"column":32},"end":{"line":112,"column":1}},"1":{"start":{"line":28,"column":21},"end":{"line":28,"column":34}},"2":{"start":{"line":29,"column":20},"end":{"line":29,"column":34}},"3":{"start":{"line":30,"column":40},"end":{"line":30,"column":60}},"4":{"start":{"line":31,"column":20},"end":{"line":31,"column":41}},"5":{"start":{"line":32,"column":24},"end":{"line":32,"column":48}},"6":{"start":{"line":34,"column":54},"end":{"line":34,"column":82}},"7":{"start":{"line":35,"column":56},"end":{"line":35,"column":80}},"8":{"start":{"line":37,"column":4},"end":{"line":42,"column":17}},"9":{"start":{"line":38,"column":8},"end":{"line":40,"column":9}},"10":{"start":{"line":39,"column":12},"end":{"line":39,"column":31}},"11":{"start":{"line":41,"column":8},"end":{"line":41,"column":33}},"12":{"start":{"line":44,"column":27},"end":{"line":65,"column":5}},"13":{"start":{"line":45,"column":8},"end":{"line":64,"column":9}},"14":{"start":{"line":46,"column":12},"end":{"line":46,"column":40}},"15":{"start":{"line":47,"column":12},"end":{"line":47,"column":48}},"16":{"start":{"line":48,"column":12},"end":{"line":63,"column":19}},"17":{"start":{"line":50,"column":55},"end":{"line":50,"column":57}},"18":{"start":{"line":51,"column":20},"end":{"line":58,"column":21}},"19":{"start":{"line":52,"column":24},"end":{"line":57,"column":27}},"20":{"start":{"line":59,"column":20},"end":{"line":59,"column":54}},"21":{"start":{"line":61,"column":20},"end":{"line":61,"column":49}},"22":{"start":{"line":62,"column":20},"end":{"line":62,"column":57}},"23":{"start":{"line":67,"column":36},"end":{"line":67,"column":138}},"24":{"start":{"line":69,"column":25},"end":{"line":76,"column":5}},"25":{"start":{"line":70,"column":8},"end":{"line":73,"column":9}},"26":{"start":{"line":71,"column":12},"end":{"line":71,"column":37}},"27":{"start":{"line":72,"column":12},"end":{"line":72,"column":29}},"28":{"start":{"line":74,"column":8},"end":{"line":74,"column":27}},"29":{"start":{"line":75,"column":8},"end":{"line":75,"column":50}},"30":{"start":{"line":78,"column":32},"end":{"line":84,"column":5}},"31":{"start":{"line":79,"column":8},"end":{"line":82,"column":11}},"32":{"start":{"line":83,"column":8},"end":{"line":83,"column":46}},"33":{"start":{"line":86,"column":29},"end":{"line":90,"column":5}},"34":{"start":{"line":87,"column":8},"end":{"line":87,"column":26}},"35":{"start":{"line":88,"column":8},"end":{"line":88,"column":33}},"36":{"start":{"line":89,"column":8},"end":{"line":89,"column":25}},"37":{"start":{"line":92,"column":4},"end":{"line":111,"column":6}}},"fnMap":{"0":{"name":"(anonymous_0)","decl":{"start":{"line":24,"column":32},"end":{"line":24,"column":33}},"loc":{"start":{"line":27,"column":28},"end":{"line":112,"column":1}},"line":27},"1":{"name":"(anonymous_1)","decl":{"start":{"line":37,"column":14},"end":{"line":37,"column":15}},"loc":{"start":{"line":37,"column":20},"end":{"line":42,"column":5}},"line":37},"2":{"name":"(anonymous_2)","decl":{"start":{"line":44,"column":27},"end":{"line":44,"column":28}},"loc":{"start":{"line":44,"column":66},"end":{"line":65,"column":5}},"line":44},"3":{"name":"(anonymous_3)","decl":{"start":{"line":49,"column":21},"end":{"line":49,"column":22}},"loc":{"start":{"line":49,"column":35},"end":{"line":60,"column":17}},"line":49},"4":{"name":"(anonymous_4)","decl":{"start":{"line":60,"column":27},"end":{"line":60,"column":28}},"loc":{"start":{"line":60,"column":33},"end":{"line":63,"column":17}},"line":60},"5":{"name":"(anonymous_5)","decl":{"start":{"line":69,"column":25},"end":{"line":69,"column":26}},"loc":{"start":{"line":69,"column":42},"end":{"line":76,"column":5}},"line":69},"6":{"name":"(anonymous_6)","decl":{"start":{"line":78,"column":32},"end":{"line":78,"column":33}},"loc":{"start":{"line":78,"column":66},"end":{"line":84,"column":5}},"line":78},"7":{"name":"(anonymous_7)","decl":{"start":{"line":86,"column":29},"end":{"line":86,"column":30}},"loc":{"start":{"line":86,"column":35},"end":{"line":90,"column":5}},"line":86}},"branchMap":{"0":{"loc":{"start":{"line":38,"column":8},"end":{"line":40,"column":9}},"type":"if","locations":[{"start":{"line":38,"column":8},"end":{"line":40,"column":9}},{"start":{},"end":{}}],"line":38},"1":{"loc":{"start":{"line":45,"column":8},"end":{"line":64,"column":9}},"type":"if","locations":[{"start":{"line":45,"column":8},"end":{"line":64,"column":9}},{"start":{},"end":{}}],"line":45},"2":{"loc":{"start":{"line":56,"column":34},"end":{"line":56,"column":97}},"type":"cond-expr","locations":[{"start":{"line":56,"column":81},"end":{"line":56,"column":87}},{"start":{"line":56,"column":90},"end":{"line":56,"column":97}}],"line":56},"3":{"loc":{"start":{"line":70,"column":8},"end":{"line":73,"column":9}},"type":"if","locations":[{"start":{"line":70,"column":8},"end":{"line":73,"column":9}},{"start":{},"end":{}}],"line":70}},"s":{"0":1,"1":0,"2":0,"3":0,"4":0,"5":0,"6":0,"7":0,"8":0,"9":0,"10":0,"11":0,"12":0,"13":0,"14":0,"15":0,"16":0,"17":0,"18":0,"19":0,"20":0,"21":0,"22":0,"23":0,"24":0,"25":0,"26":0,"27":0,"28":0,"29":0,"30":0,"31":0,"32":0,"33":0,"34":0,"35":0,"36":0,"37":0},"f":{"0":0,"1":0,"2":0,"3":0,"4":0,"5":0,"6":0,"7":0},"b":{"0":[0,0],"1":[0,0],"2":[0,0],"3":[0,0]},"_coverageSchema":"1a1c01bbd47fc00a2c39e90264f33305004495a9","hash":"4917eac257301e7cff08984ae37ca099809e227d"}
,"/home/ubuntu/Desktop/Brightscout/mattermost-plugin-msteams-sync/webapp/src/components/LinkChannelModal/SearchMSChannels/SearchMSChannels.component.tsx": {"path":"/home/ubuntu/Desktop/Brightscout/mattermost-plugin-msteams-sync/webapp/src/components/LinkChannelModal/SearchMSChannels/SearchMSChannels.component.tsx","statementMap":{"0":{"start":{"line":21,"column":32},"end":{"line":115,"column":1}},"1":{"start":{"line":22,"column":21},"end":{"line":22,"column":34}},"2":{"start":{"line":23,"column":69},"end":{"line":23,"column":83}},"3":{"start":{"line":24,"column":24},"end":{"line":24,"column":48}},"4":{"start":{"line":25,"column":40},"end":{"line":25,"column":60}},"5":{"start":{"line":26,"column":62},"end":{"line":26,"column":107}},"6":{"start":{"line":27,"column":54},"end":{"line":27,"column":82}},"7":{"start":{"line":29,"column":4},"end":{"line":34,"column":17}},"8":{"start":{"line":30,"column":8},"end":{"line":32,"column":9}},"9":{"start":{"line":31,"column":12},"end":{"line":31,"column":31}},"10":{"start":{"line":33,"column":8},"end":{"line":33,"column":33}},"11":{"start":{"line":36,"column":27},"end":{"line":48,"column":5}},"12":{"start":{"line":37,"column":8},"end":{"line":47,"column":9}},"13":{"start":{"line":38,"column":28},"end":{"line":43,"column":13}},"14":{"start":{"line":44,"column":12},"end":{"line":44,"column":46}},"15":{"start":{"line":45,"column":12},"end":{"line":45,"column":113}},"16":{"start":{"line":46,"column":12},"end":{"line":46,"column":48}},"17":{"start":{"line":50,"column":36},"end":{"line":50,"column":138}},"18":{"start":{"line":52,"column":25},"end":{"line":59,"column":5}},"19":{"start":{"line":53,"column":8},"end":{"line":56,"column":9}},"20":{"start":{"line":54,"column":12},"end":{"line":54,"column":37}},"21":{"start":{"line":55,"column":12},"end":{"line":55,"column":29}},"22":{"start":{"line":57,"column":8},"end":{"line":57,"column":27}},"23":{"start":{"line":58,"column":8},"end":{"line":58,"column":50}},"24":{"start":{"line":61,"column":74},"end":{"line":61,"column":191}},"25":{"start":{"line":62,"column":32},"end":{"line":68,"column":5}},"26":{"start":{"line":63,"column":8},"end":{"line":66,"column":11}},"27":{"start":{"line":67,"column":8},"end":{"line":67,"column":46}},"28":{"start":{"line":70,"column":29},"end":{"line":74,"column":5}},"29":{"start":{"line":71,"column":8},"end":{"line":71,"column":26}},"30":{"start":{"line":72,"column":8},"end":{"line":72,"column":25}},"31":{"start":{"line":73,"column":8},"end":{"line":73,"column":33}},"32":{"start":{"line":76,"column":4},"end":{"line":97,"column":7}},"33":{"start":{"line":80,"column":12},"end":{"line":91,"column":13}},"34":{"start":{"line":81,"column":52},"end":{"line":81,"column":54}},"35":{"start":{"line":82,"column":16},"end":{"line":89,"column":17}},"36":{"start":{"line":83,"column":20},"end":{"line":88,"column":23}},"37":{"start":{"line":90,"column":16},"end":{"line":90,"column":50}},"38":{"start":{"line":92,"column":12},"end":{"line":92,"column":49}},"39":{"start":{"line":95,"column":12},"end":{"line":95,"column":49}},"40":{"start":{"line":99,"column":4},"end":{"line":114,"column":6}}},"fnMap":{"0":{"name":"(anonymous_0)","decl":{"start":{"line":21,"column":32},"end":{"line":21,"column":33}},"loc":{"start":{"line":21,"column":80},"end":{"line":115,"column":1}},"line":21},"1":{"name":"(anonymous_1)","decl":{"start":{"line":29,"column":14},"end":{"line":29,"column":15}},"loc":{"start":{"line":29,"column":20},"end":{"line":34,"column":5}},"line":29},"2":{"name":"(anonymous_2)","decl":{"start":{"line":36,"column":27},"end":{"line":36,"column":28}},"loc":{"start":{"line":36,"column":66},"end":{"line":48,"column":5}},"line":36},"3":{"name":"(anonymous_3)","decl":{"start":{"line":52,"column":25},"end":{"line":52,"column":26}},"loc":{"start":{"line":52,"column":42},"end":{"line":59,"column":5}},"line":52},"4":{"name":"(anonymous_4)","decl":{"start":{"line":62,"column":32},"end":{"line":62,"column":33}},"loc":{"start":{"line":62,"column":66},"end":{"line":68,"column":5}},"line":62},"5":{"name":"(anonymous_5)","decl":{"start":{"line":70,"column":29},"end":{"line":70,"column":30}},"loc":{"start":{"line":70,"column":35},"end":{"line":74,"column":5}},"line":70},"6":{"name":"(anonymous_6)","decl":{"start":{"line":79,"column":23},"end":{"line":79,"column":24}},"loc":{"start":{"line":79,"column":29},"end":{"line":93,"column":9}},"line":79},"7":{"name":"(anonymous_7)","decl":{"start":{"line":94,"column":21},"end":{"line":94,"column":22}},"loc":{"start":{"line":94,"column":27},"end":{"line":96,"column":9}},"line":94}},"branchMap":{"0":{"loc":{"start":{"line":30,"column":8},"end":{"line":32,"column":9}},"type":"if","locations":[{"start":{"line":30,"column":8},"end":{"line":32,"column":9}},{"start":{},"end":{}}],"line":30},"1":{"loc":{"start":{"line":30,"column":12},"end":{"line":30,"column":33}},"type":"binary-expr","locations":[{"start":{"line":30,"column":12},"end":{"line":30,"column":22}},{"start":{"line":30,"column":26},"end":{"line":30,"column":33}}],"line":30},"2":{"loc":{"start":{"line":37,"column":8},"end":{"line":47,"column":9}},"type":"if","locations":[{"start":{"line":37,"column":8},"end":{"line":47,"column":9}},{"start":{},"end":{}}],"line":37},"3":{"loc":{"start":{"line":37,"column":12},"end":{"line":37,"column":31}},"type":"binary-expr","locations":[{"start":{"line":37,"column":12},"end":{"line":37,"column":21}},{"start":{"line":37,"column":25},"end":{"line":37,"column":31}}],"line":37},"4":{"loc":{"start":{"line":53,"column":8},"end":{"line":56,"column":9}},"type":"if","locations":[{"start":{"line":53,"column":8},"end":{"line":56,"column":9}},{"start":{},"end":{}}],"line":53},"5":{"loc":{"start":{"line":80,"column":12},"end":{"line":91,"column":13}},"type":"if","locations":[{"start":{"line":80,"column":12},"end":{"line":91,"column":13}},{"start":{},"end":{}}],"line":80}},"s":{"0":1,"1":0,"2":0,"3":0,"4":0,"5":0,"6":0,"7":0,"8":0,"9":0,"10":0,"11":0,"12":0,"13":0,"14":0,"15":0,"16":0,"17":0,"18":0,"19":0,"20":0,"21":0,"22":0,"23":0,"24":0,"25":0,"26":0,"27":0,"28":0,"29":0,"30":0,"31":0,"32":0,"33":0,"34":0,"35":0,"36":0,"37":0,"38":0,"39":0,"40":0},"f":{"0":0,"1":0,"2":0,"3":0,"4":0,"5":0,"6":0,"7":0},"b":{"0":[0,0],"1":[0,0],"2":[0,0],"3":[0,0],"4":[0,0],"5":[0,0]},"_coverageSchema":"1a1c01bbd47fc00a2c39e90264f33305004495a9","hash":"9764a8f07f84d3470b5d40f80cd71f54d4e36fed"}
,"/home/ubuntu/Desktop/Brightscout/mattermost-plugin-msteams-sync/webapp/src/components/LinkChannelModal/SearchMSTeams/SearchMSTeams.component.tsx": {"path":"/home/ubuntu/Desktop/Brightscout/mattermost-plugin-msteams-sync/webapp/src/components/LinkChannelModal/SearchMSTeams/SearchMSTeams.component.tsx","statementMap":{"0":{"start":{"line":16,"column":29},"end":{"line":107,"column":1}},"1":{"start":{"line":17,"column":21},"end":{"line":17,"column":34}},"2":{"start":{"line":18,"column":69},"end":{"line":18,"column":83}},"3":{"start":{"line":19,"column":40},"end":{"line":19,"column":60}},"4":{"start":{"line":20,"column":21},"end":{"line":20,"column":45}},"5":{"start":{"line":21,"column":56},"end":{"line":21,"column":91}},"6":{"start":{"line":22,"column":54},"end":{"line":22,"column":82}},"7":{"start":{"line":24,"column":4},"end":{"line":26,"column":11}},"8":{"start":{"line":25,"column":8},"end":{"line":25,"column":30}},"9":{"start":{"line":28,"column":24},"end":{"line":39,"column":5}},"10":{"start":{"line":29,"column":8},"end":{"line":38,"column":9}},"11":{"start":{"line":30,"column":28},"end":{"line":34,"column":13}},"12":{"start":{"line":35,"column":12},"end":{"line":35,"column":43}},"13":{"start":{"line":36,"column":12},"end":{"line":36,"column":110}},"14":{"start":{"line":37,"column":12},"end":{"line":37,"column":48}},"15":{"start":{"line":41,"column":33},"end":{"line":41,"column":129}},"16":{"start":{"line":43,"column":25},"end":{"line":50,"column":5}},"17":{"start":{"line":44,"column":8},"end":{"line":47,"column":9}},"18":{"start":{"line":45,"column":12},"end":{"line":45,"column":37}},"19":{"start":{"line":46,"column":12},"end":{"line":46,"column":28}},"20":{"start":{"line":48,"column":8},"end":{"line":48,"column":27}},"21":{"start":{"line":49,"column":8},"end":{"line":49,"column":47}},"22":{"start":{"line":52,"column":29},"end":{"line":58,"column":5}},"23":{"start":{"line":53,"column":8},"end":{"line":56,"column":11}},"24":{"start":{"line":57,"column":8},"end":{"line":57,"column":46}},"25":{"start":{"line":60,"column":29},"end":{"line":64,"column":5}},"26":{"start":{"line":61,"column":8},"end":{"line":61,"column":26}},"27":{"start":{"line":62,"column":8},"end":{"line":62,"column":24}},"28":{"start":{"line":63,"column":8},"end":{"line":63,"column":33}},"29":{"start":{"line":66,"column":71},"end":{"line":66,"column":172}},"30":{"start":{"line":67,"column":4},"end":{"line":87,"column":7}},"31":{"start":{"line":71,"column":12},"end":{"line":81,"column":13}},"32":{"start":{"line":72,"column":52},"end":{"line":72,"column":54}},"33":{"start":{"line":73,"column":16},"end":{"line":79,"column":17}},"34":{"start":{"line":74,"column":20},"end":{"line":78,"column":23}},"35":{"start":{"line":80,"column":16},"end":{"line":80,"column":50}},"36":{"start":{"line":82,"column":12},"end":{"line":82,"column":49}},"37":{"start":{"line":85,"column":12},"end":{"line":85,"column":49}},"38":{"start":{"line":89,"column":4},"end":{"line":106,"column":6}}},"fnMap":{"0":{"name":"(anonymous_0)","decl":{"start":{"line":16,"column":29},"end":{"line":16,"column":30}},"loc":{"start":{"line":16,"column":121},"end":{"line":107,"column":1}},"line":16},"1":{"name":"(anonymous_1)","decl":{"start":{"line":24,"column":14},"end":{"line":24,"column":15}},"loc":{"start":{"line":24,"column":20},"end":{"line":26,"column":5}},"line":24},"2":{"name":"(anonymous_2)","decl":{"start":{"line":28,"column":24},"end":{"line":28,"column":25}},"loc":{"start":{"line":28,"column":63},"end":{"line":39,"column":5}},"line":28},"3":{"name":"(anonymous_3)","decl":{"start":{"line":43,"column":25},"end":{"line":43,"column":26}},"loc":{"start":{"line":43,"column":42},"end":{"line":50,"column":5}},"line":43},"4":{"name":"(anonymous_4)","decl":{"start":{"line":52,"column":29},"end":{"line":52,"column":30}},"loc":{"start":{"line":52,"column":63},"end":{"line":58,"column":5}},"line":52},"5":{"name":"(anonymous_5)","decl":{"start":{"line":60,"column":29},"end":{"line":60,"column":30}},"loc":{"start":{"line":60,"column":35},"end":{"line":64,"column":5}},"line":60},"6":{"name":"(anonymous_6)","decl":{"start":{"line":70,"column":23},"end":{"line":70,"column":24}},"loc":{"start":{"line":70,"column":29},"end":{"line":83,"column":9}},"line":70},"7":{"name":"(anonymous_7)","decl":{"start":{"line":84,"column":21},"end":{"line":84,"column":22}},"loc":{"start":{"line":84,"column":27},"end":{"line":86,"column":9}},"line":84}},"branchMap":{"0":{"loc":{"start":{"line":29,"column":8},"end":{"line":38,"column":9}},"type":"if","locations":[{"start":{"line":29,"column":8},"end":{"line":38,"column":9}},{"start":{},"end":{}}],"line":29},"1":{"loc":{"start":{"line":44,"column":8},"end":{"line":47,"column":9}},"type":"if","locations":[{"start":{"line":44,"column":8},"end":{"line":47,"column":9}},{"start":{},"end":{}}],"line":44},"2":{"loc":{"start":{"line":71,"column":12},"end":{"line":81,"column":13}},"type":"if","locations":[{"start":{"line":71,"column":12},"end":{"line":81,"column":13}},{"start":{},"end":{}}],"line":71}},"s":{"0":1,"1":0,"2":0,"3":0,"4":0,"5":0,"6":0,"7":0,"8":0,"9":0,"10":0,"11":0,"12":0,"13":0,"14":0,"15":0,"16":0,"17":0,"18":0,"19":0,"20":0,"21":0,"22":0,"23":0,"24":0,"25":0,"26":0,"27":0,"28":0,"29":0,"30":0,"31":0,"32":0,"33":0,"34":0,"35":0,"36":0,"37":0,"38":0},"f":{"0":0,"1":0,"2":0,"3":0,"4":0,"5":0,"6":0,"7":0},"b":{"0":[0,0],"1":[0,0],"2":[0,0]},"_coverageSchema":"1a1c01bbd47fc00a2c39e90264f33305004495a9","hash":"43d9ca587fe1ac32908554f98f43198e91b82875"}
,"/home/ubuntu/Desktop/Brightscout/mattermost-plugin-msteams-sync/webapp/src/components/LinkedChannelCard/LinkedChannelCard.component.tsx": {"path":"/home/ubuntu/Desktop/Brightscout/mattermost-plugin-msteams-sync/webapp/src/components/LinkedChannelCard/LinkedChannelCard.component.tsx","statementMap":{"0":{"start":{"line":18,"column":16},"end":{"line":35,"column":1}},"1":{"start":{"line":19,"column":4},"end":{"line":34,"column":6}},"2":{"start":{"line":37,"column":33},"end":{"line":125,"column":1}},"3":{"start":{"line":38,"column":58},"end":{"line":38,"column":100}},"4":{"start":{"line":41,"column":52},"end":{"line":41,"column":67}},"5":{"start":{"line":42,"column":50},"end":{"line":42,"column":65}},"6":{"start":{"line":44,"column":62},"end":{"line":44,"column":76}},"7":{"start":{"line":45,"column":21},"end":{"line":45,"column":34}},"8":{"start":{"line":46,"column":22},"end":{"line":46,"column":32}},"9":{"start":{"line":48,"column":49},"end":{"line":48,"column":158}},"10":{"start":{"line":50,"column":26},"end":{"line":54,"column":5}},"11":{"start":{"line":51,"column":8},"end":{"line":53,"column":9}},"12":{"start":{"line":52,"column":12},"end":{"line":52,"column":145}},"13":{"start":{"line":56,"column":4},"end":{"line":68,"column":7}},"14":{"start":{"line":60,"column":12},"end":{"line":60,"column":39}},"15":{"start":{"line":61,"column":12},"end":{"line":61,"column":32}},"16":{"start":{"line":62,"column":12},"end":{"line":62,"column":89}},"17":{"start":{"line":65,"column":12},"end":{"line":65,"column":39}},"18":{"start":{"line":66,"column":12},"end":{"line":66,"column":37}},"19":{"start":{"line":70,"column":4},"end":{"line":124,"column":6}},"20":{"start":{"line":90,"column":20},"end":{"line":90,"column":77}},"21":{"start":{"line":91,"column":20},"end":{"line":91,"column":46}},"22":{"start":{"line":106,"column":38},"end":{"line":106,"column":64}},"23":{"start":{"line":118,"column":38},"end":{"line":118,"column":63}}},"fnMap":{"0":{"name":"(anonymous_0)","decl":{"start":{"line":18,"column":16},"end":{"line":18,"column":17}},"loc":{"start":{"line":18,"column":59},"end":{"line":35,"column":1}},"line":18},"1":{"name":"(anonymous_1)","decl":{"start":{"line":37,"column":33},"end":{"line":37,"column":34}},"loc":{"start":{"line":37,"column":187},"end":{"line":125,"column":1}},"line":37},"2":{"name":"(anonymous_2)","decl":{"start":{"line":50,"column":26},"end":{"line":50,"column":27}},"loc":{"start":{"line":50,"column":32},"end":{"line":54,"column":5}},"line":50},"3":{"name":"(anonymous_3)","decl":{"start":{"line":59,"column":23},"end":{"line":59,"column":24}},"loc":{"start":{"line":59,"column":29},"end":{"line":63,"column":9}},"line":59},"4":{"name":"(anonymous_4)","decl":{"start":{"line":64,"column":21},"end":{"line":64,"column":22}},"loc":{"start":{"line":64,"column":27},"end":{"line":67,"column":9}},"line":64},"5":{"name":"(anonymous_5)","decl":{"start":{"line":89,"column":25},"end":{"line":89,"column":26}},"loc":{"start":{"line":89,"column":31},"end":{"line":92,"column":17}},"line":89},"6":{"name":"(anonymous_6)","decl":{"start":{"line":106,"column":32},"end":{"line":106,"column":33}},"loc":{"start":{"line":106,"column":38},"end":{"line":106,"column":64}},"line":106},"7":{"name":"(anonymous_7)","decl":{"start":{"line":118,"column":32},"end":{"line":118,"column":33}},"loc":{"start":{"line":118,"column":38},"end":{"line":118,"column":63}},"line":118}},"branchMap":{"0":{"loc":{"start":{"line":51,"column":8},"end":{"line":53,"column":9}},"type":"if","locations":[{"start":{"line":51,"column":8},"end":{"line":53,"column":9}},{"start":{},"end":{}}],"line":51},"1":{"loc":{"start":{"line":77,"column":21},"end":{"line":77,"column":127}},"type":"cond-expr","locations":[{"start":{"line":77,"column":77},"end":{"line":77,"column":100}},{"start":{"line":77,"column":103},"end":{"line":77,"column":127}}],"line":77}},"s":{"0":1,"1":4,"2":1,"3":2,"4":2,"5":2,"6":2,"7":2,"8":2,"9":2,"10":2,"11":0,"12":0,"13":2,"14":0,"15":0,"16":0,"17":0,"18":0,"19":2,"20":0,"21":0,"22":0,"23":0},"f":{"0":4,"1":2,"2":0,"3":0,"4":0,"5":0,"6":0,"7":0},"b":{"0":[0,0],"1":[0,2]},"_coverageSchema":"1a1c01bbd47fc00a2c39e90264f33305004495a9","hash":"287ea660a2434b4e6be73dc4a26afd9b2330250a"}
,"/home/ubuntu/Desktop/Brightscout/mattermost-plugin-msteams-sync/webapp/src/components/RhsTitle/RhsTitle.component.tsx": {"path":"/home/ubuntu/Desktop/Brightscout/mattermost-plugin-msteams-sync/webapp/src/components/RhsTitle/RhsTitle.component.tsx","statementMap":{"0":{"start":{"line":6,"column":24},"end":{"line":17,"column":1}},"1":{"start":{"line":7,"column":4},"end":{"line":16,"column":10}}},"fnMap":{"0":{"name":"(anonymous_0)","decl":{"start":{"line":6,"column":24},"end":{"line":6,"column":25}},"loc":{"start":{"line":7,"column":4},"end":{"line":16,"column":10}},"line":7}},"branchMap":{},"s":{"0":2,"1":1},"f":{"0":1},"b":{},"_coverageSchema":"1a1c01bbd47fc00a2c39e90264f33305004495a9","hash":"0d39dd219d41b7095cb359ddb2e557a72acfcd04"}
,"/home/ubuntu/Desktop/Brightscout/mattermost-plugin-msteams-sync/webapp/src/components/Snackbar/Snackbar.component.tsx": {"path":"/home/ubuntu/Desktop/Brightscout/mattermost-plugin-msteams-sync/webapp/src/components/Snackbar/Snackbar.component.tsx","statementMap":{"0":{"start":{"line":16,"column":56},"end":{"line":20,"column":1}},"1":{"start":{"line":22,"column":57},"end":{"line":26,"column":1}},"2":{"start":{"line":28,"column":24},"end":{"line":74,"column":1}},"3":{"start":{"line":29,"column":21},"end":{"line":29,"column":34}},"4":{"start":{"line":30,"column":20},"end":{"line":30,"column":34}},"5":{"start":{"line":31,"column":19},"end":{"line":31,"column":28}},"6":{"start":{"line":32,"column":40},"end":{"line":32,"column":63}},"7":{"start":{"line":34,"column":24},"end":{"line":34,"column":69}},"8":{"start":{"line":34,"column":42},"end":{"line":34,"column":64}},"9":{"start":{"line":36,"column":4},"end":{"line":47,"column":17}},"10":{"start":{"line":37,"column":8},"end":{"line":42,"column":9}},"11":{"start":{"line":38,"column":12},"end":{"line":41,"column":29}},"12":{"start":{"line":40,"column":16},"end":{"line":40,"column":30}},"13":{"start":{"line":44,"column":8},"end":{"line":46,"column":10}},"14":{"start":{"line":45,"column":12},"end":{"line":45,"column":41}},"15":{"start":{"line":49,"column":4},"end":{"line":73,"column":6}}},"fnMap":{"0":{"name":"(anonymous_0)","decl":{"start":{"line":28,"column":24},"end":{"line":28,"column":25}},"loc":{"start":{"line":28,"column":30},"end":{"line":74,"column":1}},"line":28},"1":{"name":"(anonymous_1)","decl":{"start":{"line":34,"column":36},"end":{"line":34,"column":37}},"loc":{"start":{"line":34,"column":42},"end":{"line":34,"column":64}},"line":34},"2":{"name":"(anonymous_2)","decl":{"start":{"line":36,"column":14},"end":{"line":36,"column":15}},"loc":{"start":{"line":36,"column":20},"end":{"line":47,"column":5}},"line":36},"3":{"name":"(anonymous_3)","decl":{"start":{"line":38,"column":47},"end":{"line":38,"column":48}},"loc":{"start":{"line":38,"column":53},"end":{"line":41,"column":13}},"line":38},"4":{"name":"(anonymous_4)","decl":{"start":{"line":44,"column":15},"end":{"line":44,"column":16}},"loc":{"start":{"line":44,"column":21},"end":{"line":46,"column":9}},"line":44}},"branchMap":{"0":{"loc":{"start":{"line":37,"column":8},"end":{"line":42,"column":9}},"type":"if","locations":[{"start":{"line":37,"column":8},"end":{"line":42,"column":9}},{"start":{},"end":{}}],"line":37}},"s":{"0":2,"1":2,"2":2,"3":4,"4":4,"5":4,"6":4,"7":4,"8":1,"9":4,"10":4,"11":4,"12":0,"13":4,"14":4,"15":4},"f":{"0":4,"1":1,"2":4,"3":0,"4":4},"b":{"0":[4,0]},"_coverageSchema":"1a1c01bbd47fc00a2c39e90264f33305004495a9","hash":"8189a7b648b752991a58f1b7eee7e1fd73ea000d"}
,"/home/ubuntu/Desktop/Brightscout/mattermost-plugin-msteams-sync/webapp/src/components/WarningCard/WarningCard.component.tsx": {"path":"/home/ubuntu/Desktop/Brightscout/mattermost-plugin-msteams-sync/webapp/src/components/WarningCard/WarningCard.component.tsx","statementMap":{"0":{"start":{"line":10,"column":27},"end":{"line":41,"column":1}},"1":{"start":{"line":11,"column":4},"end":{"line":40,"column":6}}},"fnMap":{"0":{"name":"(anonymous_0)","decl":{"start":{"line":10,"column":27},"end":{"line":10,"column":28}},"loc":{"start":{"line":10,"column":62},"end":{"line":41,"column":1}},"line":10}},"branchMap":{},"s":{"0":2,"1":2},"f":{"0":2},"b":{},"_coverageSchema":"1a1c01bbd47fc00a2c39e90264f33305004495a9","hash":"9b494690ed34de0c4c40c14e9fa087960e35dc7c"}
,"/home/ubuntu/Desktop/Brightscout/mattermost-plugin-msteams-sync/webapp/src/containers/index.ts": {"path":"/home/ubuntu/Desktop/Brightscout/mattermost-plugin-msteams-sync/webapp/src/containers/index.ts","statementMap":{},"fnMap":{},"branchMap":{},"s":{},"f":{},"b":{}}
,"/home/ubuntu/Desktop/Brightscout/mattermost-plugin-msteams-sync/webapp/src/containers/Rhs/Rhs.container.tsx": {"path":"/home/ubuntu/Desktop/Brightscout/mattermost-plugin-msteams-sync/webapp/src/containers/Rhs/Rhs.container.tsx","statementMap":{"0":{"start":{"line":26,"column":19},"end":{"line":340,"column":1}},"1":{"start":{"line":27,"column":69},"end":{"line":27,"column":83}},"2":{"start":{"line":28,"column":21},"end":{"line":28,"column":38}},"3":{"start":{"line":29,"column":24},"end":{"line":29,"column":75}},"4":{"start":{"line":29,"column":64},"end":{"line":29,"column":74}},"5":{"start":{"line":32,"column":58},"end":{"line":32,"column":89}},"6":{"start":{"line":33,"column":62},"end":{"line":36,"column":6}},"7":{"start":{"line":37,"column":66},"end":{"line":37,"column":123}},"8":{"start":{"line":38,"column":69},"end":{"line":38,"column":93}},"9":{"start":{"line":39,"column":68},"end":{"line":39,"column":80}},"10":{"start":{"line":40,"column":42},"end":{"line":40,"column":56}},"11":{"start":{"line":41,"column":66},"end":{"line":41,"column":81}},"12":{"start":{"line":43,"column":26},"end":{"line":43,"column":70}},"13":{"start":{"line":45,"column":21},"end":{"line":45,"column":34}},"14":{"start":{"line":46,"column":22},"end":{"line":46,"column":32}},"15":{"start":{"line":49,"column":29},"end":{"line":51,"column":31}},"16":{"start":{"line":50,"column":8},"end":{"line":50,"column":99}},"17":{"start":{"line":54,"column":27},"end":{"line":56,"column":10}},"18":{"start":{"line":55,"column":8},"end":{"line":55,"column":91}},"19":{"start":{"line":59,"column":27},"end":{"line":61,"column":10}},"20":{"start":{"line":60,"column":8},"end":{"line":60,"column":98}},"21":{"start":{"line":64,"column":24},"end":{"line":67,"column":10}},"22":{"start":{"line":65,"column":8},"end":{"line":65,"column":80}},"23":{"start":{"line":66,"column":8},"end":{"line":66,"column":35}},"24":{"start":{"line":70,"column":34},"end":{"line":72,"column":29}},"25":{"start":{"line":71,"column":9},"end":{"line":71,"column":102}},"26":{"start":{"line":75,"column":60},"end":{"line":75,"column":75}},"27":{"start":{"line":77,"column":27},"end":{"line":77,"column":49}},"28":{"start":{"line":78,"column":21},"end":{"line":78,"column":44}},"29":{"start":{"line":79,"column":22},"end":{"line":79,"column":44}},"30":{"start":{"line":81,"column":46},"end":{"line":81,"column":156}},"31":{"start":{"line":82,"column":45},"end":{"line":82,"column":111}},"32":{"start":{"line":85,"column":4},"end":{"line":98,"column":35}},"33":{"start":{"line":86,"column":8},"end":{"line":88,"column":9}},"34":{"start":{"line":87,"column":12},"end":{"line":87,"column":19}},"35":{"start":{"line":90,"column":22},"end":{"line":92,"column":57}},"36":{"start":{"line":91,"column":12},"end":{"line":91,"column":26}},"37":{"start":{"line":95,"column":8},"end":{"line":97,"column":10}},"38":{"start":{"line":96,"column":12},"end":{"line":96,"column":32}},"39":{"start":{"line":101,"column":4},"end":{"line":110,"column":32}},"40":{"start":{"line":102,"column":51},"end":{"line":102,"column":127}},"41":{"start":{"line":103,"column":8},"end":{"line":105,"column":9}},"42":{"start":{"line":104,"column":12},"end":{"line":104,"column":67}},"43":{"start":{"line":107,"column":8},"end":{"line":107,"column":57}},"44":{"start":{"line":108,"column":8},"end":{"line":108,"column":123}},"45":{"start":{"line":109,"column":8},"end":{"line":109,"column":41}},"46":{"start":{"line":113,"column":4},"end":{"line":118,"column":40}},"47":{"start":{"line":114,"column":8},"end":{"line":117,"column":9}},"48":{"start":{"line":115,"column":12},"end":{"line":115,"column":97}},"49":{"start":{"line":116,"column":12},"end":{"line":116,"column":99}},"50":{"start":{"line":121,"column":4},"end":{"line":134,"column":7}},"51":{"start":{"line":125,"column":12},"end":{"line":127,"column":13}},"52":{"start":{"line":126,"column":16},"end":{"line":126,"column":107}},"53":{"start":{"line":128,"column":12},"end":{"line":130,"column":13}},"54":{"start":{"line":129,"column":16},"end":{"line":129,"column":38}},"55":{"start":{"line":131,"column":12},"end":{"line":131,"column":46}},"56":{"start":{"line":133,"column":27},"end":{"line":133,"column":60}},"57":{"start":{"line":137,"column":4},"end":{"line":154,"column":7}},"58":{"start":{"line":140,"column":12},"end":{"line":140,"column":115}},"59":{"start":{"line":141,"column":12},"end":{"line":141,"column":43}},"60":{"start":{"line":142,"column":12},"end":{"line":145,"column":15}},"61":{"start":{"line":148,"column":12},"end":{"line":151,"column":15}},"62":{"start":{"line":152,"column":12},"end":{"line":152,"column":43}},"63":{"start":{"line":156,"column":4},"end":{"line":161,"column":18}},"64":{"start":{"line":157,"column":8},"end":{"line":160,"column":9}},"65":{"start":{"line":158,"column":12},"end":{"line":158,"column":26}},"66":{"start":{"line":159,"column":12},"end":{"line":159,"column":37}},"67":{"start":{"line":164,"column":23},"end":{"line":326,"column":140}},"68":{"start":{"line":166,"column":8},"end":{"line":172,"column":9}},"69":{"start":{"line":167,"column":12},"end":{"line":171,"column":14}},"70":{"start":{"line":175,"column":8},"end":{"line":205,"column":9}},"71":{"start":{"line":176,"column":12},"end":{"line":204,"column":14}},"72":{"start":{"line":193,"column":32},"end":{"line":199,"column":37}},"73":{"start":{"line":213,"column":8},"end":{"line":325,"column":10}},"74":{"start":{"line":224,"column":47},"end":{"line":224,"column":76}},"75":{"start":{"line":249,"column":43},"end":{"line":249,"column":68}},"76":{"start":{"line":262,"column":51},"end":{"line":262,"column":76}},"77":{"start":{"line":272,"column":86},"end":{"line":272,"column":129}},"78":{"start":{"line":273,"column":47},"end":{"line":273,"column":78}},"79":{"start":{"line":300,"column":40},"end":{"line":304,"column":42}},"80":{"start":{"line":320,"column":42},"end":{"line":320,"column":72}},"81":{"start":{"line":328,"column":4},"end":{"line":339,"column":6}}},"fnMap":{"0":{"name":"(anonymous_0)","decl":{"start":{"line":26,"column":19},"end":{"line":26,"column":20}},"loc":{"start":{"line":26,"column":25},"end":{"line":340,"column":1}},"line":26},"1":{"name":"(anonymous_1)","decl":{"start":{"line":29,"column":36},"end":{"line":29,"column":37}},"loc":{"start":{"line":29,"column":64},"end":{"line":29,"column":74}},"line":29},"2":{"name":"(anonymous_2)","decl":{"start":{"line":49,"column":41},"end":{"line":49,"column":42}},"loc":{"start":{"line":49,"column":47},"end":{"line":51,"column":5}},"line":49},"3":{"name":"(anonymous_3)","decl":{"start":{"line":54,"column":39},"end":{"line":54,"column":40}},"loc":{"start":{"line":54,"column":45},"end":{"line":56,"column":5}},"line":54},"4":{"name":"(anonymous_4)","decl":{"start":{"line":59,"column":39},"end":{"line":59,"column":40}},"loc":{"start":{"line":59,"column":45},"end":{"line":61,"column":5}},"line":59},"5":{"name":"(anonymous_5)","decl":{"start":{"line":64,"column":36},"end":{"line":64,"column":37}},"loc":{"start":{"line":64,"column":42},"end":{"line":67,"column":5}},"line":64},"6":{"name":"(anonymous_6)","decl":{"start":{"line":70,"column":51},"end":{"line":70,"column":52}},"loc":{"start":{"line":71,"column":9},"end":{"line":71,"column":102}},"line":71},"7":{"name":"(anonymous_7)","decl":{"start":{"line":85,"column":14},"end":{"line":85,"column":15}},"loc":{"start":{"line":85,"column":20},"end":{"line":98,"column":5}},"line":85},"8":{"name":"(anonymous_8)","decl":{"start":{"line":90,"column":33},"end":{"line":90,"column":34}},"loc":{"start":{"line":90,"column":39},"end":{"line":92,"column":9}},"line":90},"9":{"name":"(anonymous_9)","decl":{"start":{"line":95,"column":15},"end":{"line":95,"column":16}},"loc":{"start":{"line":95,"column":21},"end":{"line":97,"column":9}},"line":95},"10":{"name":"(anonymous_10)","decl":{"start":{"line":101,"column":14},"end":{"line":101,"column":15}},"loc":{"start":{"line":101,"column":20},"end":{"line":110,"column":5}},"line":101},"11":{"name":"(anonymous_11)","decl":{"start":{"line":113,"column":14},"end":{"line":113,"column":15}},"loc":{"start":{"line":113,"column":20},"end":{"line":118,"column":5}},"line":113},"12":{"name":"(anonymous_12)","decl":{"start":{"line":124,"column":23},"end":{"line":124,"column":24}},"loc":{"start":{"line":124,"column":29},"end":{"line":132,"column":9}},"line":124},"13":{"name":"(anonymous_13)","decl":{"start":{"line":133,"column":21},"end":{"line":133,"column":22}},"loc":{"start":{"line":133,"column":27},"end":{"line":133,"column":60}},"line":133},"14":{"name":"(anonymous_14)","decl":{"start":{"line":139,"column":23},"end":{"line":139,"column":24}},"loc":{"start":{"line":139,"column":29},"end":{"line":146,"column":9}},"line":139},"15":{"name":"(anonymous_15)","decl":{"start":{"line":147,"column":21},"end":{"line":147,"column":22}},"loc":{"start":{"line":147,"column":27},"end":{"line":153,"column":9}},"line":147},"16":{"name":"(anonymous_16)","decl":{"start":{"line":156,"column":14},"end":{"line":156,"column":15}},"loc":{"start":{"line":156,"column":20},"end":{"line":161,"column":5}},"line":156},"17":{"name":"(anonymous_17)","decl":{"start":{"line":164,"column":35},"end":{"line":164,"column":36}},"loc":{"start":{"line":164,"column":41},"end":{"line":326,"column":5}},"line":164},"18":{"name":"(anonymous_18)","decl":{"start":{"line":192,"column":66},"end":{"line":192,"column":67}},"loc":{"start":{"line":193,"column":32},"end":{"line":199,"column":37}},"line":193},"19":{"name":"(anonymous_19)","decl":{"start":{"line":224,"column":41},"end":{"line":224,"column":42}},"loc":{"start":{"line":224,"column":47},"end":{"line":224,"column":76}},"line":224},"20":{"name":"(anonymous_20)","decl":{"start":{"line":249,"column":37},"end":{"line":249,"column":38}},"loc":{"start":{"line":249,"column":43},"end":{"line":249,"column":68}},"line":249},"21":{"name":"(anonymous_21)","decl":{"start":{"line":262,"column":45},"end":{"line":262,"column":46}},"loc":{"start":{"line":262,"column":51},"end":{"line":262,"column":76}},"line":262},"22":{"name":"(anonymous_22)","decl":{"start":{"line":272,"column":42},"end":{"line":272,"column":43}},"loc":{"start":{"line":272,"column":86},"end":{"line":272,"column":129}},"line":272},"23":{"name":"(anonymous_23)","decl":{"start":{"line":273,"column":41},"end":{"line":273,"column":42}},"loc":{"start":{"line":273,"column":47},"end":{"line":273,"column":78}},"line":273},"24":{"name":"(anonymous_24)","decl":{"start":{"line":299,"column":61},"end":{"line":299,"column":62}},"loc":{"start":{"line":300,"column":40},"end":{"line":304,"column":42}},"line":300},"25":{"name":"(anonymous_25)","decl":{"start":{"line":320,"column":36},"end":{"line":320,"column":37}},"loc":{"start":{"line":320,"column":42},"end":{"line":320,"column":72}},"line":320}},"branchMap":{"0":{"loc":{"start":{"line":86,"column":8},"end":{"line":88,"column":9}},"type":"if","locations":[{"start":{"line":86,"column":8},"end":{"line":88,"column":9}},{"start":{},"end":{}}],"line":86},"1":{"loc":{"start":{"line":103,"column":8},"end":{"line":105,"column":9}},"type":"if","locations":[{"start":{"line":103,"column":8},"end":{"line":105,"column":9}},{"start":{},"end":{}}],"line":103},"2":{"loc":{"start":{"line":114,"column":8},"end":{"line":117,"column":9}},"type":"if","locations":[{"start":{"line":114,"column":8},"end":{"line":117,"column":9}},{"start":{},"end":{}}],"line":114},"3":{"loc":{"start":{"line":114,"column":12},"end":{"line":114,"column":44}},"type":"binary-expr","locations":[{"start":{"line":114,"column":12},"end":{"line":114,"column":21}},{"start":{"line":114,"column":25},"end":{"line":114,"column":44}}],"line":114},"4":{"loc":{"start":{"line":125,"column":12},"end":{"line":127,"column":13}},"type":"if","locations":[{"start":{"line":125,"column":12},"end":{"line":127,"column":13}},{"start":{},"end":{}}],"line":125},"5":{"loc":{"start":{"line":128,"column":12},"end":{"line":130,"column":13}},"type":"if","locations":[{"start":{"line":128,"column":12},"end":{"line":130,"column":13}},{"start":{},"end":{}}],"line":128},"6":{"loc":{"start":{"line":128,"column":16},"end":{"line":128,"column":58}},"type":"binary-expr","locations":[{"start":{"line":128,"column":16},"end":{"line":128,"column":27}},{"start":{"line":128,"column":31},"end":{"line":128,"column":58}}],"line":128},"7":{"loc":{"start":{"line":157,"column":8},"end":{"line":160,"column":9}},"type":"if","locations":[{"start":{"line":157,"column":8},"end":{"line":160,"column":9}},{"start":{},"end":{}}],"line":157},"8":{"loc":{"start":{"line":166,"column":8},"end":{"line":172,"column":9}},"type":"if","locations":[{"start":{"line":166,"column":8},"end":{"line":172,"column":9}},{"start":{},"end":{}}],"line":166},"9":{"loc":{"start":{"line":166,"column":12},"end":{"line":166,"column":54}},"type":"binary-expr","locations":[{"start":{"line":166,"column":12},"end":{"line":166,"column":24}},{"start":{"line":166,"column":29},"end":{"line":166,"column":40}},{"start":{"line":166,"column":44},"end":{"line":166,"column":53}}],"line":166},"10":{"loc":{"start":{"line":175,"column":8},"end":{"line":205,"column":9}},"type":"if","locations":[{"start":{"line":175,"column":8},"end":{"line":205,"column":9}},{"start":{},"end":{}}],"line":175},"11":{"loc":{"start":{"line":175,"column":12},"end":{"line":175,"column":96}},"type":"binary-expr","locations":[{"start":{"line":175,"column":12},"end":{"line":175,"column":22}},{"start":{"line":175,"column":26},"end":{"line":175,"column":53}},{"start":{"line":175,"column":57},"end":{"line":175,"column":82}},{"start":{"line":175,"column":86},"end":{"line":175,"column":96}}],"line":175},"12":{"loc":{"start":{"line":215,"column":17},"end":{"line":234,"column":17}},"type":"cond-expr","locations":[{"start":{"line":216,"column":20},"end":{"line":227,"column":26}},{"start":{"line":229,"column":20},"end":{"line":233,"column":26}}],"line":215},"13":{"loc":{"start":{"line":217,"column":71},"end":{"line":217,"column":120}},"type":"binary-expr","locations":[{"start":{"line":217,"column":71},"end":{"line":217,"column":114}},{"start":{"line":217,"column":118},"end":{"line":217,"column":120}}],"line":217},"14":{"loc":{"start":{"line":236,"column":17},"end":{"line":241,"column":17}},"type":"binary-expr","locations":[{"start":{"line":236,"column":17},"end":{"line":236,"column":40}},{"start":{"line":236,"column":44},"end":{"line":236,"column":55}},{"start":{"line":237,"column":20},"end":{"line":240,"column":22}}],"line":236},"15":{"loc":{"start":{"line":243,"column":17},"end":{"line":252,"column":17}},"type":"binary-expr","locations":[{"start":{"line":243,"column":17},"end":{"line":243,"column":44}},{"start":{"line":243,"column":48},"end":{"line":243,"column":72}},{"start":{"line":243,"column":76},"end":{"line":243,"column":101}},{"start":{"line":243,"column":105},"end":{"line":243,"column":145}},{"start":{"line":244,"column":20},"end":{"line":251,"column":26}}],"line":243},"16":{"loc":{"start":{"line":254,"column":17},"end":{"line":311,"column":17}},"type":"binary-expr","locations":[{"start":{"line":254,"column":19},"end":{"line":254,"column":54}},{"start":{"line":254,"column":58},"end":{"line":254,"column":67}},{"start":{"line":254,"column":71},"end":{"line":254,"column":95}},{"start":{"line":254,"column":99},"end":{"line":254,"column":138}},{"start":{"line":254,"column":143},"end":{"line":254,"column":155}},{"start":{"line":255,"column":20},"end":{"line":310,"column":23}}],"line":254},"17":{"loc":{"start":{"line":258,"column":29},"end":{"line":264,"column":29}},"type":"binary-expr","locations":[{"start":{"line":258,"column":29},"end":{"line":258,"column":38}},{"start":{"line":259,"column":32},"end":{"line":263,"column":49}}],"line":258},"18":{"loc":{"start":{"line":277,"column":25},"end":{"line":309,"column":25}},"type":"cond-expr","locations":[{"start":{"line":278,"column":28},"end":{"line":281,"column":30}},{"start":{"line":283,"column":28},"end":{"line":308,"column":34}}],"line":277},"19":{"loc":{"start":{"line":277,"column":25},"end":{"line":277,"column":65}},"type":"binary-expr","locations":[{"start":{"line":277,"column":25},"end":{"line":277,"column":34}},{"start":{"line":277,"column":38},"end":{"line":277,"column":65}}],"line":277},"20":{"loc":{"start":{"line":294,"column":48},"end":{"line":294,"column":190}},"type":"cond-expr","locations":[{"start":{"line":294,"column":151},"end":{"line":294,"column":169}},{"start":{"line":294,"column":172},"end":{"line":294,"column":190}}],"line":294},"21":{"loc":{"start":{"line":294,"column":48},"end":{"line":294,"column":148}},"type":"binary-expr","locations":[{"start":{"line":294,"column":49},"end":{"line":294,"column":73}},{"start":{"line":294,"column":77},"end":{"line":294,"column":116}},{"start":{"line":294,"column":121},"end":{"line":294,"column":148}}],"line":294},"22":{"loc":{"start":{"line":336,"column":13},"end":{"line":336,"column":34}},"type":"binary-expr","locations":[{"start":{"line":336,"column":13},"end":{"line":336,"column":19}},{"start":{"line":336,"column":23},"end":{"line":336,"column":34}}],"line":336}},"s":{"0":0,"1":0,"2":0,"3":0,"4":0,"5":0,"6":0,"7":0,"8":0,"9":0,"10":0,"11":0,"12":0,"13":0,"14":0,"15":0,"16":0,"17":0,"18":0,"19":0,"20":0,"21":0,"22":0,"23":0,"24":0,"25":0,"26":0,"27":0,"28":0,"29":0,"30":0,"31":0,"32":0,"33":0,"34":0,"35":0,"36":0,"37":0,"38":0,"39":0,"40":0,"41":0,"42":0,"43":0,"44":0,"45":0,"46":0,"47":0,"48":0,"49":0,"50":0,"51":0,"52":0,"53":0,"54":0,"55":0,"56":0,"57":0,"58":0,"59":0,"60":0,"61":0,"62":0,"63":0,"64":0,"65":0,"66":0,"67":0,"68":0,"69":0,"70":0,"71":0,"72":0,"73":0,"74":0,"75":0,"76":0,"77":0,"78":0,"79":0,"80":0,"81":0},"f":{"0":0,"1":0,"2":0,"3":0,"4":0,"5":0,"6":0,"7":0,"8":0,"9":0,"10":0,"11":0,"12":0,"13":0,"14":0,"15":0,"16":0,"17":0,"18":0,"19":0,"20":0,"21":0,"22":0,"23":0,"24":0,"25":0},"b":{"0":[0,0],"1":[0,0],"2":[0,0],"3":[0,0],"4":[0,0],"5":[0,0],"6":[0,0],"7":[0,0],"8":[0,0],"9":[0,0,0],"10":[0,0],"11":[0,0,0,0],"12":[0,0],"13":[0,0],"14":[0,0,0],"15":[0,0,0,0,0],"16":[0,0,0,0,0,0],"17":[0,0],"18":[0,0],"19":[0,0],"20":[0,0],"21":[0,0,0],"22":[0,0]}}
,"/home/ubuntu/Desktop/Brightscout/mattermost-plugin-msteams-sync/webapp/src/containers/Rhs/index.ts": {"path":"/home/ubuntu/Desktop/Brightscout/mattermost-plugin-msteams-sync/webapp/src/containers/Rhs/index.ts","statementMap":{},"fnMap":{},"branchMap":{},"s":{},"f":{},"b":{}}
,"/home/ubuntu/Desktop/Brightscout/mattermost-plugin-msteams-sync/webapp/src/reducers/index.ts": {"path":"/home/ubuntu/Desktop/Brightscout/mattermost-plugin-msteams-sync/webapp/src/reducers/index.ts","statementMap":{},"fnMap":{},"branchMap":{},"s":{},"f":{},"b":{}}
,"/home/ubuntu/Desktop/Brightscout/mattermost-plugin-msteams-sync/webapp/src/reducers/apiRequest/index.ts": {"path":"/home/ubuntu/Desktop/Brightscout/mattermost-plugin-msteams-sync/webapp/src/reducers/apiRequest/index.ts","statementMap":{"0":{"start":{"line":5,"column":48},"end":{"line":7,"column":1}},"1":{"start":{"line":9,"column":41},"end":{"line":20,"column":2}},"2":{"start":{"line":14,"column":12},"end":{"line":14,"column":65}},"3":{"start":{"line":17,"column":12},"end":{"line":17,"column":92}},"4":{"start":{"line":17,"column":64},"end":{"line":17,"column":90}},"5":{"start":{"line":22,"column":78},"end":{"line":22,"column":111}}},"fnMap":{"0":{"name":"(anonymous_0)","decl":{"start":{"line":13,"column":38},"end":{"line":13,"column":39}},"loc":{"start":{"line":13,"column":121},"end":{"line":15,"column":9}},"line":13},"1":{"name":"(anonymous_1)","decl":{"start":{"line":16,"column":40},"end":{"line":16,"column":41}},"loc":{"start":{"line":16,"column":123},"end":{"line":18,"column":9}},"line":16},"2":{"name":"(anonymous_2)","decl":{"start":{"line":17,"column":51},"end":{"line":17,"column":52}},"loc":{"start":{"line":17,"column":64},"end":{"line":17,"column":90}},"line":17}},"branchMap":{},"s":{"0":3,"1":3,"2":1,"3":1,"4":3,"5":3},"f":{"0":1,"1":1,"2":3},"b":{},"_coverageSchema":"1a1c01bbd47fc00a2c39e90264f33305004495a9","hash":"0ecda4b44625c55ca4b996c9e5a0a161ea6579e9"}
,"/home/ubuntu/Desktop/Brightscout/mattermost-plugin-msteams-sync/webapp/src/reducers/connectedState/index.ts": {"path":"/home/ubuntu/Desktop/Brightscout/mattermost-plugin-msteams-sync/webapp/src/reducers/connectedState/index.ts","statementMap":{"0":{"start":{"line":5,"column":37},"end":{"line":10,"column":1}},"1":{"start":{"line":12,"column":35},"end":{"line":23,"column":2}},"2":{"start":{"line":17,"column":12},"end":{"line":17,"column":55}},"3":{"start":{"line":18,"column":12},"end":{"line":18,"column":73}},"4":{"start":{"line":19,"column":12},"end":{"line":19,"column":53}},"5":{"start":{"line":20,"column":12},"end":{"line":20,"column":63}},"6":{"start":{"line":25,"column":30},"end":{"line":25,"column":57}}},"fnMap":{"0":{"name":"(anonymous_0)","decl":{"start":{"line":16,"column":22},"end":{"line":16,"column":23}},"loc":{"start":{"line":16,"column":88},"end":{"line":21,"column":9}},"line":16}},"branchMap":{},"s":{"0":1,"1":1,"2":1,"3":1,"4":1,"5":1,"6":1},"f":{"0":1},"b":{},"_coverageSchema":"1a1c01bbd47fc00a2c39e90264f33305004495a9","hash":"d2cb704a338acd133000034232320af7ae2f003d"}
,"/home/ubuntu/Desktop/Brightscout/mattermost-plugin-msteams-sync/webapp/src/reducers/linkModal/index.ts": {"path":"/home/ubuntu/Desktop/Brightscout/mattermost-plugin-msteams-sync/webapp/src/reducers/linkModal/index.ts","statementMap":{"0":{"start":{"line":5,"column":33},"end":{"line":11,"column":1}},"1":{"start":{"line":13,"column":30},"end":{"line":39,"column":2}},"2":{"start":{"line":18,"column":12},"end":{"line":18,"column":30}},"3":{"start":{"line":21,"column":12},"end":{"line":21,"column":31}},"4":{"start":{"line":24,"column":12},"end":{"line":24,"column":38}},"5":{"start":{"line":27,"column":12},"end":{"line":27,"column":48}},"6":{"start":{"line":28,"column":12},"end":{"line":28,"column":48}},"7":{"start":{"line":29,"column":12},"end":{"line":29,"column":42}},"8":{"start":{"line":32,"column":12},"end":{"line":32,"column":31}},"9":{"start":{"line":33,"column":12},"end":{"line":33,"column":36}},"10":{"start":{"line":34,"column":12},"end":{"line":34,"column":33}},"11":{"start":{"line":35,"column":12},"end":{"line":35,"column":33}},"12":{"start":{"line":36,"column":12},"end":{"line":36,"column":30}},"13":{"start":{"line":41,"column":94},"end":{"line":41,"column":116}}},"fnMap":{"0":{"name":"(anonymous_0)","decl":{"start":{"line":17,"column":23},"end":{"line":17,"column":24}},"loc":{"start":{"line":17,"column":34},"end":{"line":19,"column":9}},"line":17},"1":{"name":"(anonymous_1)","decl":{"start":{"line":20,"column":23},"end":{"line":20,"column":24}},"loc":{"start":{"line":20,"column":34},"end":{"line":22,"column":9}},"line":20},"2":{"name":"(anonymous_2)","decl":{"start":{"line":23,"column":29},"end":{"line":23,"column":30}},"loc":{"start":{"line":23,"column":75},"end":{"line":25,"column":9}},"line":23},"3":{"name":"(anonymous_3)","decl":{"start":{"line":26,"column":23},"end":{"line":26,"column":24}},"loc":{"start":{"line":26,"column":116},"end":{"line":30,"column":9}},"line":26},"4":{"name":"(anonymous_4)","decl":{"start":{"line":31,"column":20},"end":{"line":31,"column":21}},"loc":{"start":{"line":31,"column":31},"end":{"line":37,"column":9}},"line":31}},"branchMap":{},"s":{"0":1,"1":1,"2":0,"3":0,"4":0,"5":0,"6":0,"7":0,"8":0,"9":0,"10":0,"11":0,"12":0,"13":1},"f":{"0":0,"1":0,"2":0,"3":0,"4":0},"b":{},"_coverageSchema":"1a1c01bbd47fc00a2c39e90264f33305004495a9","hash":"e2aa13584d2be02a101fa8fdb70fec7311fb91e3"}
,"/home/ubuntu/Desktop/Brightscout/mattermost-plugin-msteams-sync/webapp/src/reducers/refetchState/index.ts": {"path":"/home/ubuntu/Desktop/Brightscout/mattermost-plugin-msteams-sync/webapp/src/reducers/refetchState/index.ts","statementMap":{"0":{"start":{"line":5,"column":35},"end":{"line":7,"column":1}},"1":{"start":{"line":9,"column":28},"end":{"line":20,"column":2}},"2":{"start":{"line":14,"column":12},"end":{"line":14,"column":33}},"3":{"start":{"line":17,"column":12},"end":{"line":17,"column":34}},"4":{"start":{"line":22,"column":39},"end":{"line":22,"column":59}}},"fnMap":{"0":{"name":"(anonymous_0)","decl":{"start":{"line":13,"column":17},"end":{"line":13,"column":18}},"loc":{"start":{"line":13,"column":28},"end":{"line":15,"column":9}},"line":13},"1":{"name":"(anonymous_1)","decl":{"start":{"line":16,"column":22},"end":{"line":16,"column":23}},"loc":{"start":{"line":16,"column":33},"end":{"line":18,"column":9}},"line":16}},"branchMap":{},"s":{"0":1,"1":1,"2":0,"3":0,"4":1},"f":{"0":0,"1":0},"b":{},"_coverageSchema":"1a1c01bbd47fc00a2c39e90264f33305004495a9","hash":"8226feeb4806245f328cc76b0f8a50b1e18b76c4"}
,"/home/ubuntu/Desktop/Brightscout/mattermost-plugin-msteams-sync/webapp/src/reducers/snackbar/index.ts": {"path":"/home/ubuntu/Desktop/Brightscout/mattermost-plugin-msteams-sync/webapp/src/reducers/snackbar/index.ts","statementMap":{"0":{"start":{"line":5,"column":36},"end":{"line":9,"column":1}},"1":{"start":{"line":11,"column":29},"end":{"line":24,"column":2}},"2":{"start":{"line":16,"column":12},"end":{"line":16,"column":44}},"3":{"start":{"line":17,"column":12},"end":{"line":17,"column":46}},"4":{"start":{"line":18,"column":12},"end":{"line":18,"column":32}},"5":{"start":{"line":21,"column":12},"end":{"line":21,"column":33}},"6":{"start":{"line":26,"column":39},"end":{"line":26,"column":60}}},"fnMap":{"0":{"name":"(anonymous_0)","decl":{"start":{"line":15,"column":19},"end":{"line":15,"column":20}},"loc":{"start":{"line":15,"column":79},"end":{"line":19,"column":9}},"line":15},"1":{"name":"(anonymous_1)","decl":{"start":{"line":20,"column":20},"end":{"line":20,"column":21}},"loc":{"start":{"line":20,"column":31},"end":{"line":22,"column":9}},"line":20}},"branchMap":{},"s":{"0":3,"1":3,"2":1,"3":1,"4":1,"5":1,"6":3},"f":{"0":1,"1":1},"b":{},"_coverageSchema":"1a1c01bbd47fc00a2c39e90264f33305004495a9","hash":"7f4be52be384fc1155db01ad8bbcf9b6f55b08c6"}
,"/home/ubuntu/Desktop/Brightscout/mattermost-plugin-msteams-sync/webapp/src/reducers/spinner/index.ts": {"path":"/home/ubuntu/Desktop/Brightscout/mattermost-plugin-msteams-sync/webapp/src/reducers/spinner/index.ts","statementMap":{"0":{"start":{"line":3,"column":46},"end":{"line":5,"column":1}},"1":{"start":{"line":7,"column":31},"end":{"line":15,"column":2}},"2":{"start":{"line":12,"column":12},"end":{"line":12,"column":41}},"3":{"start":{"line":17,"column":33},"end":{"line":17,"column":56}}},"fnMap":{"0":{"name":"(anonymous_0)","decl":{"start":{"line":11,"column":25},"end":{"line":11,"column":26}},"loc":{"start":{"line":11,"column":71},"end":{"line":13,"column":9}},"line":11}},"branchMap":{},"s":{"0":1,"1":1,"2":1,"3":1},"f":{"0":1},"b":{},"_coverageSchema":"1a1c01bbd47fc00a2c39e90264f33305004495a9","hash":"92198031278c95b803c9a36a1f4338407c0fd8cb"}
}
