TN:
SF:src/components/appManifestSetting.tsx
FN:12,(anonymous_0)
FN:16,(anonymous_1)
FNF:2
FNH:0
FNDA:0,(anonymous_0)
FNDA:0,(anonymous_1)
DA:12,0
DA:13,0
DA:17,0
DA:39,0
LF:4
LH:0
BRF:0
BRH:0
end_of_record
TN:
SF:src/components/enforceConnectedAccountModal.tsx
FN:10,EnforceConnectedAccountModal
FN:17,(anonymous_1)
FN:21,(anonymous_2)
FN:25,(anonymous_3)
FN:26,(anonymous_4)
FN:30,(anonymous_5)
FN:46,(anonymous_6)
FN:54,(anonymous_7)
FN:58,(anonymous_8)
FN:64,(anonymous_9)
FNF:10
FNH:0
FNDA:0,EnforceConnectedAccountModal
FNDA:0,(anonymous_1)
FNDA:0,(anonymous_2)
FNDA:0,(anonymous_3)
FNDA:0,(anonymous_4)
FNDA:0,(anonymous_5)
FNDA:0,(anonymous_6)
FNDA:0,(anonymous_7)
FNDA:0,(anonymous_8)
FNDA:0,(anonymous_9)
DA:11,0
DA:12,0
DA:13,0
DA:14,0
DA:15,0
DA:17,0
DA:18,0
DA:21,0
DA:22,0
DA:25,0
DA:26,0
DA:28,0
DA:31,0
DA:32,0
DA:33,0
DA:34,0
DA:35,0
DA:36,0
DA:37,0
DA:38,0
DA:44,0
DA:47,0
DA:48,0
DA:49,0
DA:54,0
DA:55,0
DA:58,0
DA:59,0
DA:60,0
DA:61,0
DA:62,0
DA:64,0
DA:65,0
DA:66,0
DA:67,0
DA:72,0
DA:73,0
DA:76,0
LF:38
LH:0
BRDA:31,0,0,0
BRDA:31,0,1,0
BRDA:33,1,0,0
BRDA:33,1,1,0
BRDA:36,2,0,0
BRDA:36,2,1,0
BRDA:47,3,0,0
BRDA:47,3,1,0
BRDA:60,4,0,0
BRDA:60,4,1,0
BRDA:65,5,0,0
BRDA:65,5,1,0
BRDA:72,6,0,0
BRDA:72,6,1,0
BRDA:80,7,0,0
BRDA:80,7,1,0
BRDA:81,8,0,0
BRDA:81,8,1,0
BRDA:89,9,0,0
BRDA:89,9,1,0
BRDA:90,10,0,0
BRDA:90,10,1,0
BRDA:90,10,2,0
BRF:23
BRH:0
end_of_record
TN:
SF:src/components/getConnectedUsersSetting.tsx
FN:8,(anonymous_0)
FNF:1
FNH:0
FNDA:0,(anonymous_0)
DA:8,0
DA:9,0
DA:29,0
LF:3
LH:0
BRF:0
BRH:0
end_of_record
TN:
SF:src/components/Dialog/Dialog.component.tsx
FN:5,(anonymous_0)
FNF:1
FNH:1
FNDA:6,(anonymous_0)
DA:5,2
DA:10,6
LF:2
LH:2
BRDA:7,0,0,2
BRDA:13,1,0,6
BRDA:13,1,1,0
BRF:3
BRH:2
end_of_record
TN:
SF:src/components/Icon/Icon.component.tsx
FN:6,(anonymous_0)
FNF:1
FNH:1
FNDA:18,(anonymous_0)
DA:6,4
DA:7,18
LF:2
LH:2
BRF:0
BRH:0
end_of_record
TN:
SF:src/components/Icon/Icon.map.tsx
FNF:0
FNH:0
DA:5,4
LF:1
LH:1
BRF:0
BRH:0
end_of_record
TN:
SF:src/components/LinkChannelModal/LinkChannelModal.component.tsx
FN:23,(anonymous_0)
FN:38,(anonymous_1)
FN:48,(anonymous_2)
FN:63,(anonymous_3)
FN:72,(anonymous_4)
FN:112,(anonymous_5)
FN:121,(anonymous_6)
FNF:7
FNH:0
FNDA:0,(anonymous_0)
FNDA:0,(anonymous_1)
FNDA:0,(anonymous_2)
FNDA:0,(anonymous_3)
FNDA:0,(anonymous_4)
FNDA:0,(anonymous_5)
FNDA:0,(anonymous_6)
DA:23,1
DA:24,0
DA:25,0
DA:26,0
DA:27,0
DA:28,0
DA:31,0
DA:33,0
DA:34,0
DA:35,0
DA:36,0
DA:38,0
DA:39,0
DA:40,0
DA:41,0
DA:42,0
DA:44,0
DA:45,0
DA:48,0
DA:49,0
DA:55,0
DA:56,0
DA:57,0
DA:60,0
DA:64,0
DA:65,0
DA:66,0
DA:67,0
DA:73,0
DA:74,0
DA:75,0
DA:79,0
DA:113,0
DA:118,0
DA:119,0
DA:122,0
DA:123,0
LF:37
LH:1
BRDA:27,0,0,0
BRDA:39,1,0,0
BRDA:39,1,1,0
BRDA:50,2,0,0
BRDA:50,2,1,0
BRDA:51,3,0,0
BRDA:51,3,1,0
BRDA:52,4,0,0
BRDA:52,4,1,0
BRDA:53,5,0,0
BRDA:53,5,1,0
BRDA:90,6,0,0
BRDA:90,6,1,0
BRDA:90,6,2,0
BRDA:94,7,0,0
BRDA:94,7,1,0
BRDA:114,8,0,0
BRDA:114,8,1,0
BRDA:115,9,0,0
BRDA:115,9,1,0
BRDA:116,10,0,0
BRDA:116,10,1,0
BRF:22
BRH:0
end_of_record
TN:
SF:src/components/LinkChannelModal/SearchMMChannels/SearchMMChannels.component.tsx
FN:24,(anonymous_0)
FN:37,(anonymous_1)
FN:44,(anonymous_2)
FN:49,(anonymous_3)
FN:60,(anonymous_4)
FN:69,(anonymous_5)
FN:78,(anonymous_6)
FN:86,(anonymous_7)
FNF:8
FNH:0
FNDA:0,(anonymous_0)
FNDA:0,(anonymous_1)
FNDA:0,(anonymous_2)
FNDA:0,(anonymous_3)
FNDA:0,(anonymous_4)
FNDA:0,(anonymous_5)
FNDA:0,(anonymous_6)
FNDA:0,(anonymous_7)
DA:24,1
DA:28,0
DA:29,0
DA:30,0
DA:31,0
DA:32,0
DA:34,0
DA:35,0
DA:37,0
DA:38,0
DA:39,0
DA:41,0
DA:44,0
DA:45,0
DA:46,0
DA:47,0
DA:48,0
DA:50,0
DA:51,0
DA:52,0
DA:59,0
DA:61,0
DA:62,0
DA:67,0
DA:69,0
DA:70,0
DA:71,0
DA:72,0
DA:74,0
DA:75,0
DA:78,0
DA:79,0
DA:83,0
DA:86,0
DA:87,0
DA:88,0
DA:89,0
DA:92,0
LF:38
LH:1
BRDA:38,0,0,0
BRDA:38,0,1,0
BRDA:45,1,0,0
BRDA:45,1,1,0
BRDA:56,2,0,0
BRDA:56,2,1,0
BRDA:70,3,0,0
BRDA:70,3,1,0
BRF:8
BRH:0
end_of_record
TN:
SF:src/components/LinkChannelModal/SearchMSChannels/SearchMSChannels.component.tsx
FN:21,(anonymous_0)
FN:29,(anonymous_1)
FN:36,(anonymous_2)
FN:52,(anonymous_3)
FN:62,(anonymous_4)
FN:70,(anonymous_5)
FN:79,(anonymous_6)
FN:94,(anonymous_7)
FNF:8
FNH:0
FNDA:0,(anonymous_0)
FNDA:0,(anonymous_1)
FNDA:0,(anonymous_2)
FNDA:0,(anonymous_3)
FNDA:0,(anonymous_4)
FNDA:0,(anonymous_5)
FNDA:0,(anonymous_6)
FNDA:0,(anonymous_7)
DA:21,1
DA:22,0
DA:23,0
DA:24,0
DA:25,0
DA:26,0
DA:27,0
DA:29,0
DA:30,0
DA:31,0
DA:33,0
DA:36,0
DA:37,0
DA:38,0
DA:44,0
DA:45,0
DA:46,0
DA:50,0
DA:52,0
DA:53,0
DA:54,0
DA:55,0
DA:57,0
DA:58,0
DA:61,0
DA:62,0
DA:63,0
DA:67,0
DA:70,0
DA:71,0
DA:72,0
DA:73,0
DA:76,0
DA:80,0
DA:81,0
DA:82,0
DA:83,0
DA:90,0
DA:92,0
DA:95,0
DA:99,0
LF:41
LH:1
BRDA:30,0,0,0
BRDA:30,0,1,0
BRDA:30,1,0,0
BRDA:30,1,1,0
BRDA:37,2,0,0
BRDA:37,2,1,0
BRDA:37,3,0,0
BRDA:37,3,1,0
BRDA:53,4,0,0
BRDA:53,4,1,0
BRDA:80,5,0,0
BRDA:80,5,1,0
BRF:12
BRH:0
end_of_record
TN:
SF:src/components/LinkChannelModal/SearchMSTeams/SearchMSTeams.component.tsx
FN:16,(anonymous_0)
FN:24,(anonymous_1)
FN:28,(anonymous_2)
FN:43,(anonymous_3)
FN:52,(anonymous_4)
FN:60,(anonymous_5)
FN:70,(anonymous_6)
FN:84,(anonymous_7)
FNF:8
FNH:0
FNDA:0,(anonymous_0)
FNDA:0,(anonymous_1)
FNDA:0,(anonymous_2)
FNDA:0,(anonymous_3)
FNDA:0,(anonymous_4)
FNDA:0,(anonymous_5)
FNDA:0,(anonymous_6)
FNDA:0,(anonymous_7)
DA:16,1
DA:17,0
DA:18,0
DA:19,0
DA:20,0
DA:21,0
DA:22,0
DA:24,0
DA:25,0
DA:28,0
DA:29,0
DA:30,0
DA:35,0
DA:36,0
DA:37,0
DA:41,0
DA:43,0
DA:44,0
DA:45,0
DA:46,0
DA:48,0
DA:49,0
DA:52,0
DA:53,0
DA:57,0
DA:60,0
DA:61,0
DA:62,0
DA:63,0
DA:66,0
DA:67,0
DA:71,0
DA:72,0
DA:73,0
DA:74,0
DA:80,0
DA:82,0
DA:85,0
DA:89,0
LF:39
LH:1
BRDA:29,0,0,0
BRDA:29,0,1,0
BRDA:44,1,0,0
BRDA:44,1,1,0
BRDA:71,2,0,0
BRDA:71,2,1,0
BRF:6
BRH:0
end_of_record
TN:
SF:src/components/LinkedChannelCard/LinkedChannelCard.component.tsx
FN:18,(anonymous_0)
FN:37,(anonymous_1)
FN:50,(anonymous_2)
FN:59,(anonymous_3)
FN:64,(anonymous_4)
FN:89,(anonymous_5)
FN:106,(anonymous_6)
FN:118,(anonymous_7)
FNF:8
FNH:2
FNDA:4,(anonymous_0)
FNDA:2,(anonymous_1)
FNDA:0,(anonymous_2)
FNDA:0,(anonymous_3)
FNDA:0,(anonymous_4)
FNDA:0,(anonymous_5)
FNDA:0,(anonymous_6)
FNDA:0,(anonymous_7)
DA:18,1
DA:19,4
DA:37,1
DA:38,2
DA:41,2
DA:42,2
DA:44,2
DA:45,2
DA:46,2
DA:48,2
DA:50,2
DA:51,0
DA:52,0
DA:56,2
DA:60,0
DA:61,0
DA:62,0
DA:65,0
DA:66,0
DA:70,2
DA:90,0
DA:91,0
DA:106,0
DA:118,0
LF:24
LH:13
BRDA:51,0,0,0
BRDA:51,0,1,0
BRDA:77,1,0,0
BRDA:77,1,1,2
BRF:4
BRH:1
end_of_record
TN:
SF:src/components/RhsTitle/RhsTitle.component.tsx
FN:6,(anonymous_0)
FNF:1
FNH:1
FNDA:1,(anonymous_0)
DA:6,2
DA:7,1
LF:2
LH:2
BRF:0
BRH:0
end_of_record
TN:
SF:src/components/Snackbar/Snackbar.component.tsx
FN:28,(anonymous_0)
FN:34,(anonymous_1)
FN:36,(anonymous_2)
FN:38,(anonymous_3)
FN:44,(anonymous_4)
FNF:5
FNH:4
FNDA:4,(anonymous_0)
FNDA:1,(anonymous_1)
FNDA:4,(anonymous_2)
FNDA:0,(anonymous_3)
FNDA:4,(anonymous_4)
DA:16,2
DA:22,2
DA:28,2
DA:29,4
DA:30,4
DA:31,4
DA:32,4
DA:34,4
DA:36,4
DA:37,4
DA:38,4
DA:40,0
DA:44,4
DA:45,4
DA:49,4
LF:15
LH:14
BRDA:37,0,0,4
BRDA:37,0,1,0
BRF:2
BRH:1
end_of_record
TN:
SF:src/components/WarningCard/WarningCard.component.tsx
FN:10,(anonymous_0)
FNF:1
FNH:1
FNDA:2,(anonymous_0)
DA:10,2
DA:11,2
LF:2
LH:2
BRF:0
BRH:0
end_of_record
TN:
SF:src/containers/index.ts
FNF:0
FNH:0
LF:0
LH:0
BRF:0
BRH:0
end_of_record
TN:
SF:src/containers/Rhs/Rhs.container.tsx
FN:26,(anonymous_0)
FN:29,(anonymous_1)
FN:49,(anonymous_2)
FN:54,(anonymous_3)
FN:59,(anonymous_4)
FN:64,(anonymous_5)
FN:70,(anonymous_6)
FN:85,(anonymous_7)
FN:90,(anonymous_8)
FN:95,(anonymous_9)
FN:101,(anonymous_10)
FN:113,(anonymous_11)
FN:124,(anonymous_12)
FN:133,(anonymous_13)
FN:139,(anonymous_14)
FN:147,(anonymous_15)
FN:156,(anonymous_16)
FN:164,(anonymous_17)
FN:192,(anonymous_18)
FN:224,(anonymous_19)
FN:249,(anonymous_20)
FN:262,(anonymous_21)
FN:272,(anonymous_22)
FN:273,(anonymous_23)
FN:299,(anonymous_24)
FN:320,(anonymous_25)
FNF:26
FNH:0
FNDA:0,(anonymous_0)
FNDA:0,(anonymous_1)
FNDA:0,(anonymous_2)
FNDA:0,(anonymous_3)
FNDA:0,(anonymous_4)
FNDA:0,(anonymous_5)
FNDA:0,(anonymous_6)
FNDA:0,(anonymous_7)
FNDA:0,(anonymous_8)
FNDA:0,(anonymous_9)
FNDA:0,(anonymous_10)
FNDA:0,(anonymous_11)
FNDA:0,(anonymous_12)
FNDA:0,(anonymous_13)
FNDA:0,(anonymous_14)
FNDA:0,(anonymous_15)
FNDA:0,(anonymous_16)
FNDA:0,(anonymous_17)
FNDA:0,(anonymous_18)
FNDA:0,(anonymous_19)
FNDA:0,(anonymous_20)
FNDA:0,(anonymous_21)
FNDA:0,(anonymous_22)
FNDA:0,(anonymous_23)
FNDA:0,(anonymous_24)
FNDA:0,(anonymous_25)
DA:26,0
DA:27,0
DA:28,0
DA:29,0
DA:32,0
DA:33,0
DA:37,0
DA:38,0
DA:39,0
DA:40,0
DA:41,0
DA:43,0
DA:45,0
DA:46,0
DA:49,0
DA:50,0
DA:54,0
DA:55,0
DA:59,0
DA:60,0
DA:64,0
DA:65,0
DA:66,0
DA:70,0
DA:71,0
DA:75,0
DA:77,0
DA:78,0
DA:79,0
DA:81,0
DA:82,0
DA:85,0
DA:86,0
DA:87,0
DA:90,0
DA:91,0
DA:95,0
DA:96,0
DA:101,0
DA:102,0
DA:103,0
DA:104,0
DA:107,0
DA:108,0
DA:109,0
DA:113,0
DA:114,0
DA:115,0
DA:116,0
DA:121,0
DA:125,0
DA:126,0
DA:128,0
DA:129,0
DA:131,0
DA:133,0
DA:137,0
DA:140,0
DA:141,0
DA:142,0
DA:148,0
DA:152,0
DA:156,0
DA:157,0
DA:158,0
DA:159,0
DA:164,0
DA:166,0
DA:167,0
DA:175,0
DA:176,0
DA:193,0
DA:213,0
DA:224,0
DA:249,0
DA:262,0
DA:272,0
DA:273,0
DA:300,0
DA:320,0
DA:328,0
LF:81
LH:0
BRDA:86,0,0,0
BRDA:86,0,1,0
BRDA:103,1,0,0
BRDA:103,1,1,0
BRDA:114,2,0,0
BRDA:114,2,1,0
BRDA:114,3,0,0
BRDA:114,3,1,0
BRDA:125,4,0,0
BRDA:125,4,1,0
BRDA:128,5,0,0
BRDA:128,5,1,0
BRDA:128,6,0,0
BRDA:128,6,1,0
BRDA:157,7,0,0
BRDA:157,7,1,0
BRDA:166,8,0,0
BRDA:166,8,1,0
BRDA:166,9,0,0
BRDA:166,9,1,0
BRDA:166,9,2,0
BRDA:175,10,0,0
BRDA:175,10,1,0
BRDA:175,11,0,0
BRDA:175,11,1,0
BRDA:175,11,2,0
BRDA:175,11,3,0
BRDA:215,12,0,0
BRDA:215,12,1,0
BRDA:217,13,0,0
BRDA:217,13,1,0
BRDA:236,14,0,0
BRDA:236,14,1,0
BRDA:236,14,2,0
BRDA:243,15,0,0
BRDA:243,15,1,0
BRDA:243,15,2,0
BRDA:243,15,3,0
BRDA:243,15,4,0
BRDA:254,16,0,0
BRDA:254,16,1,0
BRDA:254,16,2,0
BRDA:254,16,3,0
BRDA:254,16,4,0
BRDA:254,16,5,0
BRDA:258,17,0,0
BRDA:258,17,1,0
BRDA:277,18,0,0
BRDA:277,18,1,0
BRDA:277,19,0,0
BRDA:277,19,1,0
BRDA:294,20,0,0
BRDA:294,20,1,0
BRDA:294,21,0,0
BRDA:294,21,1,0
BRDA:294,21,2,0
BRDA:336,22,0,0
BRDA:336,22,1,0
BRF:58
BRH:0
end_of_record
TN:
SF:src/containers/Rhs/index.ts
FNF:0
FNH:0
LF:0
LH:0
BRF:0
BRH:0
end_of_record
TN:
SF:src/reducers/index.ts
FNF:0
FNH:0
LF:0
LH:0
BRF:0
BRH:0
end_of_record
TN:
SF:src/reducers/apiRequest/index.ts
FN:13,(anonymous_0)
FN:16,(anonymous_1)
FN:17,(anonymous_2)
FNF:3
FNH:3
FNDA:1,(anonymous_0)
FNDA:1,(anonymous_1)
FNDA:3,(anonymous_2)
DA:5,3
DA:9,3
DA:14,1
DA:17,3
DA:22,3
LF:5
LH:5
BRF:0
BRH:0
end_of_record
TN:
SF:src/reducers/connectedState/index.ts
FN:16,(anonymous_0)
FNF:1
FNH:1
FNDA:1,(anonymous_0)
DA:5,1
DA:12,1
DA:17,1
DA:18,1
DA:19,1
DA:20,1
DA:25,1
LF:7
LH:7
BRF:0
BRH:0
end_of_record
TN:
SF:src/reducers/linkModal/index.ts
FN:17,(anonymous_0)
FN:20,(anonymous_1)
FN:23,(anonymous_2)
FN:26,(anonymous_3)
FN:31,(anonymous_4)
FNF:5
FNH:0
FNDA:0,(anonymous_0)
FNDA:0,(anonymous_1)
FNDA:0,(anonymous_2)
FNDA:0,(anonymous_3)
FNDA:0,(anonymous_4)
DA:5,1
DA:13,1
DA:18,0
DA:21,0
DA:24,0
DA:27,0
DA:28,0
DA:29,0
DA:32,0
DA:33,0
DA:34,0
DA:35,0
DA:36,0
DA:41,1
LF:14
LH:3
BRF:0
BRH:0
end_of_record
TN:
SF:src/reducers/refetchState/index.ts
FN:13,(anonymous_0)
FN:16,(anonymous_1)
FNF:2
FNH:0
FNDA:0,(anonymous_0)
FNDA:0,(anonymous_1)
DA:5,1
DA:9,1
DA:14,0
DA:17,0
DA:22,1
LF:5
LH:3
BRF:0
BRH:0
end_of_record
TN:
SF:src/reducers/snackbar/index.ts
FN:15,(anonymous_0)
FN:20,(anonymous_1)
FNF:2
FNH:2
FNDA:1,(anonymous_0)
FNDA:1,(anonymous_1)
DA:5,3
DA:11,3
DA:16,1
DA:17,1
DA:18,1
DA:21,1
DA:26,3
LF:7
LH:7
BRF:0
BRH:0
end_of_record
TN:
SF:src/reducers/spinner/index.ts
FN:11,(anonymous_0)
FNF:1
FNH:1
FNDA:1,(anonymous_0)
DA:3,1
DA:7,1
DA:12,1
DA:17,1
LF:4
LH:4
BRF:0
BRH:0
end_of_record
